{"D:\\Strategic OSS\\nestjs-cls\\packages\\transactional-adapters\\transactional-adapter-drizzle-orm\\src\\index.ts": {"path":"D:\\Strategic OSS\\nestjs-cls\\packages\\transactional-adapters\\transactional-adapter-drizzle-orm\\src\\index.ts","statementMap":{"0":{"start":{"line":1,"column":0},"end":{"line":1,"column":56}}},"fnMap":{},"branchMap":{},"s":{"0":1},"f":{},"b":{}}
,"D:\\Strategic OSS\\nestjs-cls\\packages\\transactional-adapters\\transactional-adapter-drizzle-orm\\src\\lib\\transactional-adapter-drizzle-orm.ts": {"path":"D:\\Strategic OSS\\nestjs-cls\\packages\\transactional-adapters\\transactional-adapter-drizzle-orm\\src\\lib\\transactional-adapter-drizzle-orm.ts","statementMap":{"0":{"start":{"line":45,"column":4},"end":{"line":68,"column":7}},"1":{"start":{"line":45,"column":52},"end":{"line":68,"column":6}},"2":{"start":{"line":51,"column":12},"end":{"line":54,"column":24}},"3":{"start":{"line":52,"column":16},"end":{"line":52,"column":41}},"4":{"start":{"line":53,"column":16},"end":{"line":53,"column":28}},"5":{"start":{"line":62,"column":12},"end":{"line":65,"column":24}},"6":{"start":{"line":63,"column":16},"end":{"line":63,"column":41}},"7":{"start":{"line":64,"column":16},"end":{"line":64,"column":28}},"8":{"start":{"line":67,"column":35},"end":{"line":67,"column":50}},"9":{"start":{"line":41,"column":8},"end":{"line":41,"column":60}},"10":{"start":{"line":42,"column":8},"end":{"line":42,"column":57}},"11":{"start":{"line":29,"column":0},"end":{"line":29,"column":13}}},"fnMap":{"0":{"name":"(anonymous_0)","decl":{"start":{"line":40,"column":4},"end":{"line":40,"column":16}},"loc":{"start":{"line":40,"column":71},"end":{"line":43,"column":5}}},"1":{"name":"(anonymous_1)","decl":{"start":{"line":45,"column":21},"end":{"line":45,"column":22}},"loc":{"start":{"line":45,"column":52},"end":{"line":68,"column":6}}},"2":{"name":"(anonymous_2)","decl":{"start":{"line":46,"column":29},"end":{"line":46,"column":34}},"loc":{"start":{"line":50,"column":12},"end":{"line":55,"column":9}}},"3":{"name":"(anonymous_3)","decl":{"start":{"line":51,"column":47},"end":{"line":51,"column":52}},"loc":{"start":{"line":51,"column":60},"end":{"line":54,"column":13}}},"4":{"name":"(anonymous_4)","decl":{"start":{"line":56,"column":35},"end":{"line":56,"column":40}},"loc":{"start":{"line":61,"column":12},"end":{"line":66,"column":9}}},"5":{"name":"(anonymous_5)","decl":{"start":{"line":62,"column":38},"end":{"line":62,"column":43}},"loc":{"start":{"line":62,"column":51},"end":{"line":65,"column":13}}},"6":{"name":"(anonymous_6)","decl":{"start":{"line":67,"column":29},"end":{"line":67,"column":32}},"loc":{"start":{"line":67,"column":35},"end":{"line":67,"column":50}}}},"branchMap":{},"s":{"0":2,"1":0,"2":0,"3":0,"4":0,"5":0,"6":0,"7":0,"8":0,"9":2,"10":2,"11":1},"f":{"0":2,"1":0,"2":0,"3":0,"4":0,"5":0,"6":0},"b":{}}
}
