{"D:\\Strategic OSS\\nestjs-cls\\packages\\core\\src\\index.ts": {"path":"D:\\Strategic OSS\\nestjs-cls\\packages\\core\\src\\index.ts","statementMap":{"0":{"start":{"line":1,"column":0},"end":{"line":1,"column":49}},"1":{"start":{"line":2,"column":0},"end":{"line":2,"column":55}},"2":{"start":{"line":3,"column":0},"end":{"line":3,"column":54}},"3":{"start":{"line":4,"column":0},"end":{"line":4,"column":57}},"4":{"start":{"line":5,"column":0},"end":{"line":5,"column":67}},"5":{"start":{"line":6,"column":0},"end":{"line":6,"column":71}},"6":{"start":{"line":7,"column":0},"end":{"line":7,"column":42}},"7":{"start":{"line":8,"column":0},"end":{"line":8,"column":36}},"8":{"start":{"line":9,"column":0},"end":{"line":9,"column":44}},"9":{"start":{"line":10,"column":0},"end":{"line":10,"column":34}},"10":{"start":{"line":11,"column":0},"end":{"line":11,"column":34}},"11":{"start":{"line":12,"column":0},"end":{"line":12,"column":43}},"12":{"start":{"line":13,"column":0},"end":{"line":13,"column":50}},"13":{"start":{"line":14,"column":0},"end":{"line":14,"column":45}},"14":{"start":{"line":15,"column":0},"end":{"line":15,"column":64}},"15":{"start":{"line":16,"column":0},"end":{"line":16,"column":63}},"16":{"start":{"line":17,"column":0},"end":{"line":17,"column":63}},"17":{"start":{"line":18,"column":0},"end":{"line":18,"column":61}},"18":{"start":{"line":20,"column":0},"end":{"line":20,"column":45}},"19":{"start":{"line":21,"column":0},"end":{"line":21,"column":41}}},"fnMap":{},"branchMap":{},"s":{"0":20,"1":20,"2":20,"3":20,"4":20,"5":20,"6":20,"7":20,"8":20,"9":20,"10":20,"11":20,"12":20,"13":20,"14":20,"15":20,"16":20,"17":20,"18":20,"19":20},"f":{},"b":{}}
,"D:\\Strategic OSS\\nestjs-cls\\packages\\core\\src\\lib\\cls-service-manager.ts": {"path":"D:\\Strategic OSS\\nestjs-cls\\packages\\core\\src\\lib\\cls-service-manager.ts","statementMap":{"0":{"start":{"line":1,"column":0},"end":{"line":1,"column":57}},"1":{"start":{"line":13,"column":20},"end":{"line":13,"column":52}},"2":{"start":{"line":14,"column":8},"end":{"line":14,"column":19}},"3":{"start":{"line":5,"column":0},"end":{"line":5,"column":13}},"4":{"start":{"line":6,"column":19},"end":{"line":6,"column":49}}},"fnMap":{"0":{"name":"(anonymous_0)","decl":{"start":{"line":12,"column":4},"end":{"line":12,"column":10}},"loc":{"start":{"line":12,"column":24},"end":{"line":15,"column":5}}}},"branchMap":{},"s":{"0":22,"1":718,"2":718,"3":22,"4":22},"f":{"0":718},"b":{}}
,"D:\\Strategic OSS\\nestjs-cls\\packages\\core\\src\\lib\\cls-service.globals.ts": {"path":"D:\\Strategic OSS\\nestjs-cls\\packages\\core\\src\\lib\\cls-service.globals.ts","statementMap":{"0":{"start":{"line":1,"column":0},"end":{"line":1,"column":48}},"1":{"start":{"line":2,"column":0},"end":{"line":2,"column":43}},"2":{"start":{"line":4,"column":12},"end":{"line":4,"column":35}},"3":{"start":{"line":5,"column":13},"end":{"line":5,"column":52}}},"fnMap":{},"branchMap":{},"s":{"0":23,"1":23,"2":23,"3":23},"f":{},"b":{}}
,"D:\\Strategic OSS\\nestjs-cls\\packages\\core\\src\\lib\\cls.constants.ts": {"path":"D:\\Strategic OSS\\nestjs-cls\\packages\\core\\src\\lib\\cls.constants.ts","statementMap":{"0":{"start":{"line":7,"column":13},"end":{"line":7,"column":41}},"1":{"start":{"line":14,"column":13},"end":{"line":14,"column":41}},"2":{"start":{"line":21,"column":13},"end":{"line":21,"column":41}},"3":{"start":{"line":29,"column":13},"end":{"line":29,"column":39}}},"fnMap":{},"branchMap":{},"s":{"0":23,"1":23,"2":23,"3":23},"f":{},"b":{}}
,"D:\\Strategic OSS\\nestjs-cls\\packages\\core\\src\\lib\\cls.internal-constants.ts": {"path":"D:\\Strategic OSS\\nestjs-cls\\packages\\core\\src\\lib\\cls.internal-constants.ts","statementMap":{"0":{"start":{"line":1,"column":13},"end":{"line":1,"column":53}},"1":{"start":{"line":2,"column":13},"end":{"line":2,"column":61}},"2":{"start":{"line":3,"column":13},"end":{"line":3,"column":51}},"3":{"start":{"line":4,"column":13},"end":{"line":4,"column":63}}},"fnMap":{},"branchMap":{},"s":{"0":21,"1":21,"2":21,"3":21},"f":{},"b":{}}
,"D:\\Strategic OSS\\nestjs-cls\\packages\\core\\src\\lib\\cls.options.ts": {"path":"D:\\Strategic OSS\\nestjs-cls\\packages\\core\\src\\lib\\cls.options.ts","statementMap":{"0":{"start":{"line":5,"column":24},"end":{"line":5,"column":66}},"1":{"start":{"line":5,"column":30},"end":{"line":5,"column":66}},"2":{"start":{"line":12,"column":4},"end":{"line":12,"column":20}},"3":{"start":{"line":7,"column":0},"end":{"line":7,"column":13}},"4":{"start":{"line":84,"column":4},"end":{"line":84,"column":73}},"5":{"start":{"line":68,"column":0},"end":{"line":68,"column":13}},"6":{"start":{"line":93,"column":4},"end":{"line":93,"column":24}},"7":{"start":{"line":101,"column":4},"end":{"line":101,"column":34}},"8":{"start":{"line":109,"column":4},"end":{"line":109,"column":30}},"9":{"start":{"line":87,"column":0},"end":{"line":87,"column":13}},"10":{"start":{"line":118,"column":4},"end":{"line":118,"column":19}},"11":{"start":{"line":125,"column":4},"end":{"line":125,"column":18}},"12":{"start":{"line":130,"column":4},"end":{"line":130,"column":75}},"13":{"start":{"line":142,"column":4},"end":{"line":142,"column":20}},"14":{"start":{"line":148,"column":4},"end":{"line":148,"column":21}},"15":{"start":{"line":158,"column":4},"end":{"line":158,"column":26}},"16":{"start":{"line":112,"column":0},"end":{"line":112,"column":13}},"17":{"start":{"line":167,"column":4},"end":{"line":167,"column":19}},"18":{"start":{"line":174,"column":4},"end":{"line":174,"column":18}},"19":{"start":{"line":179,"column":4},"end":{"line":180,"column":24}},"20":{"start":{"line":197,"column":4},"end":{"line":197,"column":20}},"21":{"start":{"line":161,"column":0},"end":{"line":161,"column":13}},"22":{"start":{"line":206,"column":4},"end":{"line":206,"column":19}},"23":{"start":{"line":213,"column":4},"end":{"line":213,"column":18}},"24":{"start":{"line":218,"column":4},"end":{"line":219,"column":24}},"25":{"start":{"line":236,"column":4},"end":{"line":236,"column":20}},"26":{"start":{"line":200,"column":0},"end":{"line":200,"column":13}},"27":{"start":{"line":262,"column":4},"end":{"line":262,"column":77}},"28":{"start":{"line":239,"column":0},"end":{"line":239,"column":13}}},"fnMap":{"0":{"name":"(anonymous_0)","decl":{"start":{"line":5,"column":24},"end":{"line":5,"column":27}},"loc":{"start":{"line":5,"column":30},"end":{"line":5,"column":66}}},"1":{"name":"(anonymous_1)","decl":{"start":{"line":7,"column":0},"end":{"line":7,"column":13}},"loc":{"start":{"line":7,"column":0},"end":{"line":38,"column":1}}},"2":{"name":"(anonymous_2)","decl":{"start":{"line":68,"column":0},"end":{"line":68,"column":13}},"loc":{"start":{"line":68,"column":0},"end":{"line":85,"column":1}}},"3":{"name":"(anonymous_3)","decl":{"start":{"line":87,"column":0},"end":{"line":87,"column":13}},"loc":{"start":{"line":87,"column":0},"end":{"line":110,"column":1}}},"4":{"name":"(anonymous_4)","decl":{"start":{"line":112,"column":0},"end":{"line":112,"column":13}},"loc":{"start":{"line":112,"column":0},"end":{"line":159,"column":1}}},"5":{"name":"(anonymous_5)","decl":{"start":{"line":161,"column":0},"end":{"line":161,"column":13}},"loc":{"start":{"line":161,"column":0},"end":{"line":198,"column":1}}},"6":{"name":"(anonymous_6)","decl":{"start":{"line":200,"column":0},"end":{"line":200,"column":13}},"loc":{"start":{"line":200,"column":0},"end":{"line":237,"column":1}}},"7":{"name":"(anonymous_7)","decl":{"start":{"line":239,"column":0},"end":{"line":239,"column":13}},"loc":{"start":{"line":239,"column":0},"end":{"line":279,"column":1}}}},"branchMap":{},"s":{"0":23,"1":263,"2":350,"3":23,"4":444,"5":23,"6":1422,"7":1422,"8":1422,"9":23,"10":684,"11":684,"12":684,"13":684,"14":684,"15":684,"16":23,"17":366,"18":366,"19":366,"20":366,"21":23,"22":368,"23":368,"24":368,"25":368,"26":23,"27":4,"28":23},"f":{"0":263,"1":350,"2":444,"3":1422,"4":684,"5":366,"6":368,"7":4},"b":{}}
,"D:\\Strategic OSS\\nestjs-cls\\packages\\core\\src\\lib\\cls.service.ts": {"path":"D:\\Strategic OSS\\nestjs-cls\\packages\\core\\src\\lib\\cls.service.ts","statementMap":{"0":{"start":{"line":11,"column":0},"end":{"line":11,"column":78}},"1":{"start":{"line":12,"column":0},"end":{"line":12,"column":41}},"2":{"start":{"line":13,"column":0},"end":{"line":13,"column":60}},"3":{"start":{"line":14,"column":0},"end":{"line":14,"column":84}},"4":{"start":{"line":15,"column":0},"end":{"line":15,"column":81}},"5":{"start":{"line":18,"column":33},"end":{"line":18,"column":60}},"6":{"start":{"line":207,"column":13},"end":{"line":207,"column":49}},"7":{"start":{"line":19,"column":8},"end":{"line":23,"column":9}},"8":{"start":{"line":20,"column":12},"end":{"line":22,"column":14}},"9":{"start":{"line":37,"column":22},"end":{"line":37,"column":41}},"10":{"start":{"line":38,"column":8},"end":{"line":44,"column":9}},"11":{"start":{"line":39,"column":12},"end":{"line":43,"column":14}},"12":{"start":{"line":45,"column":8},"end":{"line":49,"column":9}},"13":{"start":{"line":46,"column":12},"end":{"line":46,"column":31}},"14":{"start":{"line":48,"column":12},"end":{"line":48,"column":65}},"15":{"start":{"line":64,"column":8},"end":{"line":64,"column":40}},"16":{"start":{"line":64,"column":27},"end":{"line":64,"column":40}},"17":{"start":{"line":65,"column":8},"end":{"line":65,"column":29}},"18":{"start":{"line":66,"column":8},"end":{"line":66,"column":20}},"19":{"start":{"line":87,"column":22},"end":{"line":87,"column":41}},"20":{"start":{"line":88,"column":8},"end":{"line":88,"column":31}},"21":{"start":{"line":88,"column":18},"end":{"line":88,"column":31}},"22":{"start":{"line":89,"column":8},"end":{"line":91,"column":9}},"23":{"start":{"line":90,"column":12},"end":{"line":90,"column":32}},"24":{"start":{"line":92,"column":8},"end":{"line":92,"column":63}},"25":{"start":{"line":104,"column":22},"end":{"line":104,"column":41}},"26":{"start":{"line":105,"column":8},"end":{"line":107,"column":9}},"27":{"start":{"line":106,"column":12},"end":{"line":106,"column":46}},"28":{"start":{"line":108,"column":8},"end":{"line":108,"column":70}},"29":{"start":{"line":116,"column":22},"end":{"line":116,"column":41}},"30":{"start":{"line":117,"column":8},"end":{"line":117,"column":31}},"31":{"start":{"line":129,"column":8},"end":{"line":135,"column":9}},"32":{"start":{"line":130,"column":12},"end":{"line":130,"column":75}},"33":{"start":{"line":131,"column":12},"end":{"line":131,"column":37}},"34":{"start":{"line":133,"column":12},"end":{"line":133,"column":46}},"35":{"start":{"line":134,"column":12},"end":{"line":134,"column":41}},"36":{"start":{"line":136,"column":8},"end":{"line":136,"column":69}},"37":{"start":{"line":136,"column":30},"end":{"line":136,"column":69}},"38":{"start":{"line":137,"column":8},"end":{"line":145,"column":9}},"39":{"start":{"line":139,"column":16},"end":{"line":139,"column":65}},"40":{"start":{"line":141,"column":16},"end":{"line":141,"column":34}},"41":{"start":{"line":144,"column":16},"end":{"line":144,"column":55}},"42":{"start":{"line":156,"column":8},"end":{"line":156,"column":51}},"43":{"start":{"line":165,"column":8},"end":{"line":165,"column":60}},"44":{"start":{"line":165,"column":30},"end":{"line":165,"column":60}},"45":{"start":{"line":166,"column":24},"end":{"line":166,"column":71}},"46":{"start":{"line":167,"column":8},"end":{"line":175,"column":9}},"47":{"start":{"line":169,"column":16},"end":{"line":169,"column":57}},"48":{"start":{"line":171,"column":16},"end":{"line":171,"column":23}},"49":{"start":{"line":174,"column":16},"end":{"line":174,"column":47}},"50":{"start":{"line":183,"column":8},"end":{"line":183,"column":47}},"51":{"start":{"line":192,"column":8},"end":{"line":192,"column":39}},"52":{"start":{"line":200,"column":8},"end":{"line":200,"column":37}},"53":{"start":{"line":17,"column":0},"end":{"line":17,"column":13}},"54":{"start":{"line":211,"column":33},"end":{"line":211,"column":48}},"55":{"start":{"line":219,"column":8},"end":{"line":219,"column":64}},"56":{"start":{"line":229,"column":8},"end":{"line":229,"column":71}},"57":{"start":{"line":243,"column":8},"end":{"line":243,"column":71}}},"fnMap":{"0":{"name":"(anonymous_0)","decl":{"start":{"line":18,"column":4},"end":{"line":18,"column":33}},"loc":{"start":{"line":18,"column":60},"end":{"line":24,"column":5}}},"1":{"name":"(anonymous_1)","decl":{"start":{"line":31,"column":4},"end":{"line":31,"column":7}},"loc":{"start":{"line":36,"column":66},"end":{"line":50,"column":5}}},"2":{"name":"(anonymous_2)","decl":{"start":{"line":58,"column":4},"end":{"line":58,"column":18}},"loc":{"start":{"line":63,"column":66},"end":{"line":67,"column":5}}},"3":{"name":"(anonymous_3)","decl":{"start":{"line":86,"column":4},"end":{"line":86,"column":7}},"loc":{"start":{"line":86,"column":29},"end":{"line":93,"column":5}}},"4":{"name":"(anonymous_4)","decl":{"start":{"line":103,"column":4},"end":{"line":103,"column":7}},"loc":{"start":{"line":103,"column":28},"end":{"line":109,"column":5}}},"5":{"name":"(anonymous_5)","decl":{"start":{"line":115,"column":4},"end":{"line":115,"column":9}},"loc":{"start":{"line":115,"column":9},"end":{"line":118,"column":5}}},"6":{"name":"(anonymous_6)","decl":{"start":{"line":126,"column":4},"end":{"line":126,"column":7}},"loc":{"start":{"line":126,"column":51},"end":{"line":146,"column":5}}},"7":{"name":"(anonymous_7)","decl":{"start":{"line":155,"column":4},"end":{"line":155,"column":11}},"loc":{"start":{"line":155,"column":48},"end":{"line":157,"column":5}}},"8":{"name":"(anonymous_8)","decl":{"start":{"line":164,"column":4},"end":{"line":164,"column":9}},"loc":{"start":{"line":164,"column":42},"end":{"line":176,"column":5}}},"9":{"name":"(anonymous_9)","decl":{"start":{"line":182,"column":4},"end":{"line":182,"column":13}},"loc":{"start":{"line":182,"column":23},"end":{"line":184,"column":5}}},"10":{"name":"(anonymous_10)","decl":{"start":{"line":191,"column":4},"end":{"line":191,"column":8}},"loc":{"start":{"line":191,"column":35},"end":{"line":193,"column":5}}},"11":{"name":"(anonymous_11)","decl":{"start":{"line":199,"column":4},"end":{"line":199,"column":12}},"loc":{"start":{"line":199,"column":12},"end":{"line":201,"column":5}}},"12":{"name":"(anonymous_12)","decl":{"start":{"line":211,"column":4},"end":{"line":211,"column":33}},"loc":{"start":{"line":211,"column":48},"end":{"line":211,"column":52}}},"13":{"name":"(anonymous_13)","decl":{"start":{"line":218,"column":4},"end":{"line":218,"column":7}},"loc":{"start":{"line":218,"column":23},"end":{"line":220,"column":5}}},"14":{"name":"(anonymous_14)","decl":{"start":{"line":228,"column":4},"end":{"line":228,"column":7}},"loc":{"start":{"line":228,"column":35},"end":{"line":230,"column":5}}},"15":{"name":"(anonymous_15)","decl":{"start":{"line":242,"column":4},"end":{"line":242,"column":9}},"loc":{"start":{"line":242,"column":37},"end":{"line":244,"column":5}}}},"branchMap":{"0":{"loc":{"start":{"line":19,"column":8},"end":{"line":23,"column":9}},"type":"if","locations":[{"start":{"line":19,"column":8},"end":{"line":23,"column":9}},{"start":{},"end":{}}]},"1":{"loc":{"start":{"line":38,"column":8},"end":{"line":44,"column":9}},"type":"if","locations":[{"start":{"line":38,"column":8},"end":{"line":44,"column":9}},{"start":{},"end":{}}]},"2":{"loc":{"start":{"line":45,"column":8},"end":{"line":49,"column":9}},"type":"if","locations":[{"start":{"line":45,"column":8},"end":{"line":49,"column":9}},{"start":{"line":47,"column":15},"end":{"line":49,"column":9}}]},"3":{"loc":{"start":{"line":64,"column":8},"end":{"line":64,"column":40}},"type":"if","locations":[{"start":{"line":64,"column":8},"end":{"line":64,"column":40}},{"start":{},"end":{}}]},"4":{"loc":{"start":{"line":88,"column":8},"end":{"line":88,"column":31}},"type":"if","locations":[{"start":{"line":88,"column":8},"end":{"line":88,"column":31}},{"start":{},"end":{}}]},"5":{"loc":{"start":{"line":89,"column":8},"end":{"line":91,"column":9}},"type":"if","locations":[{"start":{"line":89,"column":8},"end":{"line":91,"column":9}},{"start":{},"end":{}}]},"6":{"loc":{"start":{"line":105,"column":8},"end":{"line":107,"column":9}},"type":"if","locations":[{"start":{"line":105,"column":8},"end":{"line":107,"column":9}},{"start":{},"end":{}}]},"7":{"loc":{"start":{"line":129,"column":8},"end":{"line":135,"column":9}},"type":"if","locations":[{"start":{"line":129,"column":8},"end":{"line":135,"column":9}},{"start":{"line":132,"column":15},"end":{"line":135,"column":9}}]},"8":{"loc":{"start":{"line":136,"column":8},"end":{"line":136,"column":69}},"type":"if","locations":[{"start":{"line":136,"column":8},"end":{"line":136,"column":69}},{"start":{},"end":{}}]},"9":{"loc":{"start":{"line":137,"column":8},"end":{"line":145,"column":9}},"type":"switch","locations":[{"start":{"line":138,"column":12},"end":{"line":139,"column":65}},{"start":{"line":140,"column":12},"end":{"line":141,"column":34}},{"start":{"line":142,"column":12},"end":{"line":142,"column":28}},{"start":{"line":143,"column":12},"end":{"line":144,"column":55}}]},"10":{"loc":{"start":{"line":156,"column":28},"end":{"line":156,"column":39}},"type":"binary-expr","locations":[{"start":{"line":156,"column":28},"end":{"line":156,"column":33}},{"start":{"line":156,"column":37},"end":{"line":156,"column":39}}]},"11":{"loc":{"start":{"line":165,"column":8},"end":{"line":165,"column":60}},"type":"if","locations":[{"start":{"line":165,"column":8},"end":{"line":165,"column":60}},{"start":{},"end":{}}]},"12":{"loc":{"start":{"line":167,"column":8},"end":{"line":175,"column":9}},"type":"switch","locations":[{"start":{"line":168,"column":12},"end":{"line":169,"column":57}},{"start":{"line":170,"column":12},"end":{"line":171,"column":23}},{"start":{"line":172,"column":12},"end":{"line":172,"column":28}},{"start":{"line":173,"column":12},"end":{"line":174,"column":47}}]},"13":{"loc":{"start":{"line":183,"column":34},"end":{"line":183,"column":45}},"type":"binary-expr","locations":[{"start":{"line":183,"column":34},"end":{"line":183,"column":39}},{"start":{"line":183,"column":43},"end":{"line":183,"column":45}}]}},"s":{"0":23,"1":23,"2":23,"3":23,"4":23,"5":24,"6":24,"7":24,"8":1,"9":15938,"10":15938,"11":1,"12":15937,"13":14874,"14":1063,"15":419,"16":54,"17":365,"18":365,"19":153481,"20":153481,"21":137825,"22":15656,"23":14360,"24":1296,"25":427,"26":427,"27":421,"28":6,"29":1739,"30":1739,"31":418,"32":9,"33":9,"34":409,"35":409,"36":418,"37":413,"38":5,"39":3,"40":1,"41":1,"42":501,"43":28,"44":2,"45":26,"46":26,"47":0,"48":26,"49":0,"50":95,"51":2,"52":733,"53":23,"54":24,"55":3,"56":1,"57":589},"f":{"0":24,"1":15938,"2":419,"3":153481,"4":427,"5":1739,"6":418,"7":501,"8":28,"9":95,"10":2,"11":733,"12":24,"13":3,"14":1,"15":589},"b":{"0":[1,23],"1":[1,15937],"2":[14874,1063],"3":[54,365],"4":[137825,15656],"5":[14360,1296],"6":[421,6],"7":[9,409],"8":[413,5],"9":[3,1,1,1],"10":[501,0],"11":[2,26],"12":[0,26,0,0],"13":[95,0]}}
,"D:\\Strategic OSS\\nestjs-cls\\packages\\core\\src\\lib\\inject-cls.decorator.ts": {"path":"D:\\Strategic OSS\\nestjs-cls\\packages\\core\\src\\lib\\inject-cls.decorator.ts","statementMap":{"0":{"start":{"line":7,"column":0},"end":{"line":7,"column":16}},"1":{"start":{"line":1,"column":0},"end":{"line":1,"column":40}},"2":{"start":{"line":2,"column":0},"end":{"line":2,"column":43}},"3":{"start":{"line":8,"column":4},"end":{"line":8,"column":30}}},"fnMap":{"0":{"name":"InjectCls","decl":{"start":{"line":7,"column":16},"end":{"line":7,"column":25}},"loc":{"start":{"line":7,"column":25},"end":{"line":9,"column":1}}}},"branchMap":{},"s":{"0":20,"1":20,"2":20,"3":0},"f":{"0":0},"b":{}}
,"D:\\Strategic OSS\\nestjs-cls\\packages\\core\\src\\lib\\cls-initializers\\cls.guard.ts": {"path":"D:\\Strategic OSS\\nestjs-cls\\packages\\core\\src\\lib\\cls-initializers\\cls.guard.ts","statementMap":{"0":{"start":{"line":1,"column":0},"end":{"line":1,"column":null}},"1":{"start":{"line":7,"column":0},"end":{"line":7,"column":59}},"2":{"start":{"line":8,"column":0},"end":{"line":8,"column":51}},"3":{"start":{"line":9,"column":0},"end":{"line":9,"column":62}},"4":{"start":{"line":10,"column":0},"end":{"line":10,"column":49}},"5":{"start":{"line":12,"column":0},"end":{"line":12,"column":70}},"6":{"start":{"line":13,"column":0},"end":{"line":13,"column":67}},"7":{"start":{"line":16,"column":7},"end":{"line":61,"column":null}},"8":{"start":{"line":23,"column":8},"end":{"line":23,"column":64}},"9":{"start":{"line":27,"column":20},"end":{"line":27,"column":53}},"10":{"start":{"line":28,"column":30},"end":{"line":28,"column":61}},"11":{"start":{"line":29,"column":28},"end":{"line":29,"column":61}},"12":{"start":{"line":30,"column":8},"end":{"line":35,"column":9}},"13":{"start":{"line":31,"column":12},"end":{"line":31,"column":45}},"14":{"start":{"line":33,"column":12},"end":{"line":33,"column":30}},"15":{"start":{"line":34,"column":12},"end":{"line":34,"column":55}},"16":{"start":{"line":36,"column":50},"end":{"line":39,"column":10}},"17":{"start":{"line":40,"column":8},"end":{"line":42,"column":9}},"18":{"start":{"line":41,"column":12},"end":{"line":41,"column":53}},"19":{"start":{"line":43,"column":8},"end":{"line":46,"column":9}},"20":{"start":{"line":44,"column":23},"end":{"line":44,"column":64}},"21":{"start":{"line":45,"column":12},"end":{"line":45,"column":48}},"22":{"start":{"line":47,"column":8},"end":{"line":49,"column":9}},"23":{"start":{"line":48,"column":12},"end":{"line":48,"column":56}},"24":{"start":{"line":50,"column":8},"end":{"line":52,"column":9}},"25":{"start":{"line":51,"column":12},"end":{"line":51,"column":51}},"26":{"start":{"line":53,"column":8},"end":{"line":55,"column":9}},"27":{"start":{"line":54,"column":12},"end":{"line":54,"column":52}},"28":{"start":{"line":56,"column":8},"end":{"line":58,"column":9}},"29":{"start":{"line":57,"column":12},"end":{"line":57,"column":38}},"30":{"start":{"line":59,"column":8},"end":{"line":59,"column":20}},"31":{"start":{"line":16,"column":13},"end":{"line":16,"column":21}},"32":{"start":{"line":16,"column":13},"end":{"line":61,"column":null}}},"fnMap":{"0":{"name":"(anonymous_4)","decl":{"start":{"line":19,"column":4},"end":{"line":19,"column":null}},"loc":{"start":{"line":21,"column":59},"end":{"line":24,"column":5}}},"1":{"name":"(anonymous_5)","decl":{"start":{"line":26,"column":4},"end":{"line":26,"column":9}},"loc":{"start":{"line":26,"column":47},"end":{"line":60,"column":5}}}},"branchMap":{"0":{"loc":{"start":{"line":30,"column":8},"end":{"line":35,"column":9}},"type":"if","locations":[{"start":{"line":30,"column":8},"end":{"line":35,"column":9}},{"start":{"line":32,"column":15},"end":{"line":35,"column":9}}]},"1":{"loc":{"start":{"line":40,"column":8},"end":{"line":42,"column":9}},"type":"if","locations":[{"start":{"line":40,"column":8},"end":{"line":42,"column":9}},{"start":{},"end":{}}]},"2":{"loc":{"start":{"line":43,"column":8},"end":{"line":46,"column":9}},"type":"if","locations":[{"start":{"line":43,"column":8},"end":{"line":46,"column":9}},{"start":{},"end":{}}]},"3":{"loc":{"start":{"line":47,"column":8},"end":{"line":49,"column":9}},"type":"if","locations":[{"start":{"line":47,"column":8},"end":{"line":49,"column":9}},{"start":{},"end":{}}]},"4":{"loc":{"start":{"line":50,"column":8},"end":{"line":52,"column":9}},"type":"if","locations":[{"start":{"line":50,"column":8},"end":{"line":52,"column":9}},{"start":{},"end":{}}]},"5":{"loc":{"start":{"line":53,"column":8},"end":{"line":55,"column":9}},"type":"if","locations":[{"start":{"line":53,"column":8},"end":{"line":55,"column":9}},{"start":{},"end":{}}]},"6":{"loc":{"start":{"line":56,"column":8},"end":{"line":58,"column":9}},"type":"if","locations":[{"start":{"line":56,"column":8},"end":{"line":58,"column":9}},{"start":{},"end":{}}]}},"s":{"0":21,"1":21,"2":21,"3":21,"4":21,"5":21,"6":21,"7":21,"8":11,"9":121,"10":121,"11":121,"12":121,"13":26,"14":95,"15":95,"16":121,"17":121,"18":121,"19":121,"20":117,"21":117,"22":121,"23":121,"24":121,"25":1,"26":121,"27":121,"28":121,"29":121,"30":121,"31":21,"32":21},"f":{"0":11,"1":121},"b":{"0":[26,95],"1":[121,0],"2":[117,4],"3":[121,0],"4":[1,120],"5":[121,0],"6":[121,0]}}
,"D:\\Strategic OSS\\nestjs-cls\\packages\\core\\src\\lib\\cls-initializers\\cls.interceptor.ts": {"path":"D:\\Strategic OSS\\nestjs-cls\\packages\\core\\src\\lib\\cls-initializers\\cls.interceptor.ts","statementMap":{"0":{"start":{"line":1,"column":0},"end":{"line":1,"column":null}},"1":{"start":{"line":8,"column":0},"end":{"line":8,"column":34}},"2":{"start":{"line":9,"column":0},"end":{"line":9,"column":59}},"3":{"start":{"line":10,"column":0},"end":{"line":10,"column":51}},"4":{"start":{"line":11,"column":0},"end":{"line":11,"column":68}},"5":{"start":{"line":12,"column":0},"end":{"line":12,"column":55}},"6":{"start":{"line":14,"column":0},"end":{"line":14,"column":70}},"7":{"start":{"line":15,"column":0},"end":{"line":15,"column":67}},"8":{"start":{"line":18,"column":7},"end":{"line":72,"column":null}},"9":{"start":{"line":25,"column":8},"end":{"line":25,"column":70}},"10":{"start":{"line":29,"column":20},"end":{"line":29,"column":58}},"11":{"start":{"line":30,"column":25},"end":{"line":30,"column":62}},"12":{"start":{"line":31,"column":28},"end":{"line":31,"column":61}},"13":{"start":{"line":32,"column":8},"end":{"line":32,"column":50}},"14":{"start":{"line":33,"column":8},"end":{"line":70,"column":11}},"15":{"start":{"line":34,"column":12},"end":{"line":69,"column":15}},"16":{"start":{"line":35,"column":58},"end":{"line":38,"column":18}},"17":{"start":{"line":39,"column":16},"end":{"line":41,"column":17}},"18":{"start":{"line":40,"column":20},"end":{"line":40,"column":61}},"19":{"start":{"line":42,"column":16},"end":{"line":45,"column":17}},"20":{"start":{"line":43,"column":31},"end":{"line":43,"column":72}},"21":{"start":{"line":44,"column":20},"end":{"line":44,"column":56}},"22":{"start":{"line":46,"column":16},"end":{"line":48,"column":17}},"23":{"start":{"line":47,"column":20},"end":{"line":47,"column":64}},"24":{"start":{"line":49,"column":16},"end":{"line":51,"column":17}},"25":{"start":{"line":50,"column":20},"end":{"line":50,"column":59}},"26":{"start":{"line":52,"column":16},"end":{"line":54,"column":17}},"27":{"start":{"line":53,"column":20},"end":{"line":53,"column":60}},"28":{"start":{"line":55,"column":16},"end":{"line":57,"column":17}},"29":{"start":{"line":56,"column":20},"end":{"line":56,"column":46}},"30":{"start":{"line":58,"column":16},"end":{"line":68,"column":17}},"31":{"start":{"line":59,"column":20},"end":{"line":65,"column":27}},"32":{"start":{"line":62,"column":43},"end":{"line":62,"column":63}},"33":{"start":{"line":63,"column":44},"end":{"line":63,"column":65}},"34":{"start":{"line":64,"column":44},"end":{"line":64,"column":65}},"35":{"start":{"line":67,"column":20},"end":{"line":67,"column":40}},"36":{"start":{"line":18,"column":13},"end":{"line":18,"column":27}},"37":{"start":{"line":18,"column":13},"end":{"line":72,"column":null}}},"fnMap":{"0":{"name":"(anonymous_4)","decl":{"start":{"line":21,"column":4},"end":{"line":21,"column":null}},"loc":{"start":{"line":23,"column":66},"end":{"line":26,"column":5}}},"1":{"name":"(anonymous_5)","decl":{"start":{"line":28,"column":4},"end":{"line":28,"column":13}},"loc":{"start":{"line":28,"column":58},"end":{"line":71,"column":5}}},"2":{"name":"(anonymous_6)","decl":{"start":{"line":33,"column":30},"end":{"line":33,"column":31}},"loc":{"start":{"line":33,"column":45},"end":{"line":70,"column":9}}},"3":{"name":"(anonymous_7)","decl":{"start":{"line":34,"column":34},"end":{"line":34,"column":39}},"loc":{"start":{"line":34,"column":45},"end":{"line":69,"column":13}}},"4":{"name":"(anonymous_8)","decl":{"start":{"line":62,"column":34},"end":{"line":62,"column":35}},"loc":{"start":{"line":62,"column":43},"end":{"line":62,"column":63}}},"5":{"name":"(anonymous_9)","decl":{"start":{"line":63,"column":35},"end":{"line":63,"column":36}},"loc":{"start":{"line":63,"column":44},"end":{"line":63,"column":65}}},"6":{"name":"(anonymous_10)","decl":{"start":{"line":64,"column":38},"end":{"line":64,"column":41}},"loc":{"start":{"line":64,"column":44},"end":{"line":64,"column":65}}}},"branchMap":{"0":{"loc":{"start":{"line":30,"column":25},"end":{"line":30,"column":62}},"type":"binary-expr","locations":[{"start":{"line":30,"column":25},"end":{"line":30,"column":56}},{"start":{"line":30,"column":60},"end":{"line":30,"column":62}}]},"1":{"loc":{"start":{"line":39,"column":16},"end":{"line":41,"column":17}},"type":"if","locations":[{"start":{"line":39,"column":16},"end":{"line":41,"column":17}},{"start":{},"end":{}}]},"2":{"loc":{"start":{"line":42,"column":16},"end":{"line":45,"column":17}},"type":"if","locations":[{"start":{"line":42,"column":16},"end":{"line":45,"column":17}},{"start":{},"end":{}}]},"3":{"loc":{"start":{"line":46,"column":16},"end":{"line":48,"column":17}},"type":"if","locations":[{"start":{"line":46,"column":16},"end":{"line":48,"column":17}},{"start":{},"end":{}}]},"4":{"loc":{"start":{"line":49,"column":16},"end":{"line":51,"column":17}},"type":"if","locations":[{"start":{"line":49,"column":16},"end":{"line":51,"column":17}},{"start":{},"end":{}}]},"5":{"loc":{"start":{"line":52,"column":16},"end":{"line":54,"column":17}},"type":"if","locations":[{"start":{"line":52,"column":16},"end":{"line":54,"column":17}},{"start":{},"end":{}}]},"6":{"loc":{"start":{"line":55,"column":16},"end":{"line":57,"column":17}},"type":"if","locations":[{"start":{"line":55,"column":16},"end":{"line":57,"column":17}},{"start":{},"end":{}}]}},"s":{"0":21,"1":21,"2":21,"3":21,"4":21,"5":21,"6":21,"7":21,"8":21,"9":13,"10":81,"11":81,"12":81,"13":81,"14":81,"15":81,"16":81,"17":81,"18":81,"19":81,"20":77,"21":77,"22":81,"23":81,"24":81,"25":1,"26":81,"27":81,"28":81,"29":81,"30":81,"31":81,"32":57,"33":24,"34":57,"35":0,"36":21,"37":21},"f":{"0":13,"1":81,"2":81,"3":81,"4":57,"5":24,"6":57},"b":{"0":[81,55],"1":[81,0],"2":[77,4],"3":[81,0],"4":[1,80],"5":[81,0],"6":[81,0]}}
,"D:\\Strategic OSS\\nestjs-cls\\packages\\core\\src\\lib\\cls-initializers\\cls.middleware.ts": {"path":"D:\\Strategic OSS\\nestjs-cls\\packages\\core\\src\\lib\\cls-initializers\\cls.middleware.ts","statementMap":{"0":{"start":{"line":1,"column":0},"end":{"line":1,"column":68}},"1":{"start":{"line":2,"column":0},"end":{"line":2,"column":59}},"2":{"start":{"line":3,"column":0},"end":{"line":3,"column":60}},"3":{"start":{"line":4,"column":0},"end":{"line":4,"column":67}},"4":{"start":{"line":5,"column":0},"end":{"line":5,"column":54}},"5":{"start":{"line":7,"column":0},"end":{"line":7,"column":70}},"6":{"start":{"line":8,"column":0},"end":{"line":8,"column":67}},"7":{"start":{"line":11,"column":7},"end":{"line":60,"column":null}},"8":{"start":{"line":20,"column":4},"end":{"line":59,"column":6}},"9":{"start":{"line":21,"column":20},"end":{"line":21,"column":53}},"10":{"start":{"line":22,"column":28},"end":{"line":22,"column":61}},"11":{"start":{"line":23,"column":25},"end":{"line":54,"column":9}},"12":{"start":{"line":24,"column":12},"end":{"line":53,"column":13}},"13":{"start":{"line":25,"column":60},"end":{"line":29,"column":18}},"14":{"start":{"line":30,"column":16},"end":{"line":30,"column":57}},"15":{"start":{"line":31,"column":16},"end":{"line":31,"column":60}},"16":{"start":{"line":32,"column":16},"end":{"line":34,"column":17}},"17":{"start":{"line":33,"column":20},"end":{"line":33,"column":61}},"18":{"start":{"line":35,"column":16},"end":{"line":38,"column":17}},"19":{"start":{"line":36,"column":31},"end":{"line":36,"column":68}},"20":{"start":{"line":37,"column":20},"end":{"line":37,"column":56}},"21":{"start":{"line":39,"column":16},"end":{"line":39,"column":69}},"22":{"start":{"line":39,"column":42},"end":{"line":39,"column":69}},"23":{"start":{"line":40,"column":16},"end":{"line":40,"column":69}},"24":{"start":{"line":40,"column":42},"end":{"line":40,"column":69}},"25":{"start":{"line":41,"column":16},"end":{"line":43,"column":17}},"26":{"start":{"line":42,"column":20},"end":{"line":42,"column":60}},"27":{"start":{"line":44,"column":16},"end":{"line":46,"column":17}},"28":{"start":{"line":45,"column":20},"end":{"line":45,"column":60}},"29":{"start":{"line":47,"column":16},"end":{"line":49,"column":17}},"30":{"start":{"line":48,"column":20},"end":{"line":48,"column":46}},"31":{"start":{"line":50,"column":16},"end":{"line":50,"column":23}},"32":{"start":{"line":52,"column":16},"end":{"line":52,"column":24}},"33":{"start":{"line":55,"column":23},"end":{"line":57,"column":31}},"34":{"start":{"line":58,"column":8},"end":{"line":58,"column":25}},"35":{"start":{"line":18,"column":8},"end":{"line":18,"column":69}},"36":{"start":{"line":11,"column":13},"end":{"line":11,"column":26}},"37":{"start":{"line":11,"column":13},"end":{"line":60,"column":null}}},"fnMap":{"0":{"name":"(anonymous_4)","decl":{"start":{"line":14,"column":4},"end":{"line":14,"column":null}},"loc":{"start":{"line":16,"column":64},"end":{"line":19,"column":5}}},"1":{"name":"(anonymous_5)","decl":{"start":{"line":20,"column":10},"end":{"line":20,"column":15}},"loc":{"start":{"line":20,"column":65},"end":{"line":59,"column":5}}},"2":{"name":"(anonymous_6)","decl":{"start":{"line":23,"column":25},"end":{"line":23,"column":30}},"loc":{"start":{"line":23,"column":36},"end":{"line":54,"column":9}}}},"branchMap":{"0":{"loc":{"start":{"line":30,"column":16},"end":{"line":30,"column":56}},"type":"binary-expr","locations":[{"start":{"line":30,"column":16},"end":{"line":30,"column":41}},{"start":{"line":30,"column":45},"end":{"line":30,"column":56}}]},"1":{"loc":{"start":{"line":32,"column":16},"end":{"line":34,"column":17}},"type":"if","locations":[{"start":{"line":32,"column":16},"end":{"line":34,"column":17}},{"start":{},"end":{}}]},"2":{"loc":{"start":{"line":35,"column":16},"end":{"line":38,"column":17}},"type":"if","locations":[{"start":{"line":35,"column":16},"end":{"line":38,"column":17}},{"start":{},"end":{}}]},"3":{"loc":{"start":{"line":39,"column":16},"end":{"line":39,"column":69}},"type":"if","locations":[{"start":{"line":39,"column":16},"end":{"line":39,"column":69}},{"start":{},"end":{}}]},"4":{"loc":{"start":{"line":40,"column":16},"end":{"line":40,"column":69}},"type":"if","locations":[{"start":{"line":40,"column":16},"end":{"line":40,"column":69}},{"start":{},"end":{}}]},"5":{"loc":{"start":{"line":41,"column":16},"end":{"line":43,"column":17}},"type":"if","locations":[{"start":{"line":41,"column":16},"end":{"line":43,"column":17}},{"start":{},"end":{}}]},"6":{"loc":{"start":{"line":44,"column":16},"end":{"line":46,"column":17}},"type":"if","locations":[{"start":{"line":44,"column":16},"end":{"line":46,"column":17}},{"start":{},"end":{}}]},"7":{"loc":{"start":{"line":47,"column":16},"end":{"line":49,"column":17}},"type":"if","locations":[{"start":{"line":47,"column":16},"end":{"line":49,"column":17}},{"start":{},"end":{}}]},"8":{"loc":{"start":{"line":55,"column":23},"end":{"line":57,"column":31}},"type":"cond-expr","locations":[{"start":{"line":56,"column":14},"end":{"line":56,"column":32}},{"start":{"line":57,"column":14},"end":{"line":57,"column":31}}]}},"s":{"0":21,"1":21,"2":21,"3":21,"4":21,"5":21,"6":21,"7":21,"8":329,"9":92,"10":92,"11":92,"12":92,"13":92,"14":92,"15":92,"16":92,"17":92,"18":92,"19":78,"20":78,"21":92,"22":92,"23":92,"24":12,"25":92,"26":1,"27":92,"28":92,"29":92,"30":88,"31":92,"32":0,"33":92,"34":92,"35":329,"36":21,"37":21},"f":{"0":329,"1":92,"2":92},"b":{"0":[92,0],"1":[92,0],"2":[78,14],"3":[92,0],"4":[12,80],"5":[1,91],"6":[92,0],"7":[88,4],"8":[0,92]}}
,"D:\\Strategic OSS\\nestjs-cls\\packages\\core\\src\\lib\\cls-initializers\\use-cls.decorator.ts": {"path":"D:\\Strategic OSS\\nestjs-cls\\packages\\core\\src\\lib\\cls-initializers\\use-cls.decorator.ts","statementMap":{"0":{"start":{"line":31,"column":0},"end":{"line":31,"column":16}},"1":{"start":{"line":1,"column":0},"end":{"line":1,"column":26}},"2":{"start":{"line":2,"column":0},"end":{"line":2,"column":70}},"3":{"start":{"line":3,"column":0},"end":{"line":3,"column":59}},"4":{"start":{"line":4,"column":0},"end":{"line":4,"column":42}},"5":{"start":{"line":5,"column":0},"end":{"line":5,"column":53}},"6":{"start":{"line":7,"column":0},"end":{"line":7,"column":70}},"7":{"start":{"line":34,"column":4},"end":{"line":79,"column":6}},"8":{"start":{"line":39,"column":24},"end":{"line":39,"column":73}},"9":{"start":{"line":40,"column":20},"end":{"line":40,"column":53}},"10":{"start":{"line":41,"column":25},"end":{"line":41,"column":41}},"11":{"start":{"line":42,"column":8},"end":{"line":46,"column":9}},"12":{"start":{"line":43,"column":12},"end":{"line":45,"column":14}},"13":{"start":{"line":47,"column":8},"end":{"line":77,"column":11}},"14":{"start":{"line":49,"column":36},"end":{"line":49,"column":69}},"15":{"start":{"line":50,"column":16},"end":{"line":75,"column":19}},"16":{"start":{"line":51,"column":63},"end":{"line":54,"column":22}},"17":{"start":{"line":55,"column":20},"end":{"line":57,"column":21}},"18":{"start":{"line":56,"column":24},"end":{"line":56,"column":65}},"19":{"start":{"line":58,"column":20},"end":{"line":64,"column":21}},"20":{"start":{"line":59,"column":35},"end":{"line":61,"column":null}},"21":{"start":{"line":63,"column":24},"end":{"line":63,"column":52}},"22":{"start":{"line":65,"column":20},"end":{"line":67,"column":21}},"23":{"start":{"line":66,"column":24},"end":{"line":66,"column":77}},"24":{"start":{"line":68,"column":20},"end":{"line":70,"column":21}},"25":{"start":{"line":69,"column":24},"end":{"line":69,"column":64}},"26":{"start":{"line":71,"column":20},"end":{"line":73,"column":21}},"27":{"start":{"line":72,"column":24},"end":{"line":72,"column":50}},"28":{"start":{"line":74,"column":20},"end":{"line":74,"column":59}},"29":{"start":{"line":78,"column":8},"end":{"line":78,"column":55}}},"fnMap":{"0":{"name":"UseCls","decl":{"start":{"line":31,"column":16},"end":{"line":31,"column":22}},"loc":{"start":{"line":32,"column":45},"end":{"line":80,"column":1}}},"1":{"name":"(anonymous_1)","decl":{"start":{"line":34,"column":11},"end":{"line":34,"column":null}},"loc":{"start":{"line":38,"column":8},"end":{"line":79,"column":5}}},"2":{"name":"(anonymous_2)","decl":{"start":{"line":48,"column":19},"end":{"line":48,"column":29}},"loc":{"start":{"line":48,"column":56},"end":{"line":76,"column":13}}},"3":{"name":"(anonymous_3)","decl":{"start":{"line":50,"column":57},"end":{"line":50,"column":62}},"loc":{"start":{"line":50,"column":68},"end":{"line":75,"column":17}}}},"branchMap":{"0":{"loc":{"start":{"line":42,"column":8},"end":{"line":46,"column":9}},"type":"if","locations":[{"start":{"line":42,"column":8},"end":{"line":46,"column":9}},{"start":{},"end":{}}]},"1":{"loc":{"start":{"line":50,"column":31},"end":{"line":50,"column":55}},"type":"binary-expr","locations":[{"start":{"line":50,"column":31},"end":{"line":50,"column":49}},{"start":{"line":50,"column":53},"end":{"line":50,"column":55}}]},"2":{"loc":{"start":{"line":55,"column":20},"end":{"line":57,"column":21}},"type":"if","locations":[{"start":{"line":55,"column":20},"end":{"line":57,"column":21}},{"start":{},"end":{}}]},"3":{"loc":{"start":{"line":58,"column":20},"end":{"line":64,"column":21}},"type":"if","locations":[{"start":{"line":58,"column":20},"end":{"line":64,"column":21}},{"start":{},"end":{}}]},"4":{"loc":{"start":{"line":65,"column":20},"end":{"line":67,"column":21}},"type":"if","locations":[{"start":{"line":65,"column":20},"end":{"line":67,"column":21}},{"start":{},"end":{}}]},"5":{"loc":{"start":{"line":68,"column":20},"end":{"line":70,"column":21}},"type":"if","locations":[{"start":{"line":68,"column":20},"end":{"line":70,"column":21}},{"start":{},"end":{}}]},"6":{"loc":{"start":{"line":71,"column":20},"end":{"line":73,"column":21}},"type":"if","locations":[{"start":{"line":71,"column":20},"end":{"line":73,"column":21}},{"start":{},"end":{}}]}},"s":{"0":21,"1":21,"2":21,"3":21,"4":21,"5":21,"6":21,"7":4,"8":4,"9":4,"10":4,"11":4,"12":0,"13":4,"14":5,"15":5,"16":5,"17":5,"18":5,"19":5,"20":1,"21":1,"22":5,"23":1,"24":5,"25":5,"26":5,"27":5,"28":5,"29":4},"f":{"0":4,"1":4,"2":5,"3":5},"b":{"0":[0,4],"1":[5,5],"2":[5,0],"3":[1,4],"4":[1,4],"5":[5,0],"6":[5,0]}}
,"D:\\Strategic OSS\\nestjs-cls\\packages\\core\\src\\lib\\cls-initializers\\utils\\context-cls-store-map.ts": {"path":"D:\\Strategic OSS\\nestjs-cls\\packages\\core\\src\\lib\\cls-initializers\\utils\\context-cls-store-map.ts","statementMap":{"0":{"start":{"line":3,"column":0},"end":{"line":3,"column":70}},"1":{"start":{"line":54,"column":20},"end":{"line":54,"column":50}},"2":{"start":{"line":55,"column":8},"end":{"line":55,"column":34}},"3":{"start":{"line":59,"column":20},"end":{"line":59,"column":50}},"4":{"start":{"line":60,"column":8},"end":{"line":60,"column":34}},"5":{"start":{"line":73,"column":8},"end":{"line":75,"column":9}},"6":{"start":{"line":74,"column":12},"end":{"line":74,"column":19}},"7":{"start":{"line":77,"column":8},"end":{"line":83,"column":9}},"8":{"start":{"line":79,"column":12},"end":{"line":79,"column":47}},"9":{"start":{"line":82,"column":12},"end":{"line":82,"column":44}},"10":{"start":{"line":96,"column":8},"end":{"line":98,"column":9}},"11":{"start":{"line":97,"column":12},"end":{"line":97,"column":29}},"12":{"start":{"line":101,"column":28},"end":{"line":101,"column":54}},"13":{"start":{"line":102,"column":8},"end":{"line":104,"column":9}},"14":{"start":{"line":103,"column":12},"end":{"line":103,"column":31}},"15":{"start":{"line":107,"column":8},"end":{"line":107,"column":40}},"16":{"start":{"line":111,"column":8},"end":{"line":128,"column":9}},"17":{"start":{"line":113,"column":32},"end":{"line":113,"column":67}},"18":{"start":{"line":118,"column":16},"end":{"line":118,"column":68}},"19":{"start":{"line":120,"column":16},"end":{"line":120,"column":44}},"20":{"start":{"line":122,"column":16},"end":{"line":122,"column":58}},"21":{"start":{"line":125,"column":16},"end":{"line":125,"column":48}},"22":{"start":{"line":127,"column":16},"end":{"line":127,"column":26}},"23":{"start":{"line":30,"column":0},"end":{"line":30,"column":13}},"24":{"start":{"line":41,"column":28},"end":{"line":43,"column":6}},"25":{"start":{"line":49,"column":28},"end":{"line":49,"column":70}}},"fnMap":{"0":{"name":"(anonymous_0)","decl":{"start":{"line":51,"column":4},"end":{"line":51,"column":27}},"loc":{"start":{"line":51,"column":4},"end":{"line":51,"column":28}}},"1":{"name":"(anonymous_1)","decl":{"start":{"line":53,"column":4},"end":{"line":53,"column":10}},"loc":{"start":{"line":53,"column":57},"end":{"line":56,"column":5}}},"2":{"name":"(anonymous_2)","decl":{"start":{"line":58,"column":4},"end":{"line":58,"column":10}},"loc":{"start":{"line":58,"column":40},"end":{"line":61,"column":5}}},"3":{"name":"(anonymous_3)","decl":{"start":{"line":72,"column":4},"end":{"line":72,"column":10}},"loc":{"start":{"line":72,"column":45},"end":{"line":84,"column":5}}},"4":{"name":"(anonymous_4)","decl":{"start":{"line":95,"column":4},"end":{"line":95,"column":10}},"loc":{"start":{"line":95,"column":28},"end":{"line":108,"column":5}}},"5":{"name":"(anonymous_5)","decl":{"start":{"line":110,"column":12},"end":{"line":110,"column":18}},"loc":{"start":{"line":110,"column":61},"end":{"line":129,"column":5}}}},"branchMap":{"0":{"loc":{"start":{"line":73,"column":8},"end":{"line":75,"column":9}},"type":"if","locations":[{"start":{"line":73,"column":8},"end":{"line":75,"column":9}},{"start":{},"end":{}}]},"1":{"loc":{"start":{"line":96,"column":8},"end":{"line":98,"column":9}},"type":"if","locations":[{"start":{"line":96,"column":8},"end":{"line":98,"column":9}},{"start":{},"end":{}}]},"2":{"loc":{"start":{"line":102,"column":8},"end":{"line":104,"column":9}},"type":"if","locations":[{"start":{"line":102,"column":8},"end":{"line":104,"column":9}},{"start":{},"end":{}}]},"3":{"loc":{"start":{"line":111,"column":8},"end":{"line":128,"column":9}},"type":"switch","locations":[{"start":{"line":112,"column":12},"end":{"line":118,"column":68}},{"start":{"line":119,"column":12},"end":{"line":120,"column":44}},{"start":{"line":121,"column":12},"end":{"line":122,"column":58}},{"start":{"line":123,"column":12},"end":{"line":125,"column":48}},{"start":{"line":126,"column":12},"end":{"line":127,"column":26}}]}},"s":{"0":23,"1":181,"2":181,"3":207,"4":207,"5":293,"6":2,"7":291,"8":291,"9":4,"10":228,"11":2,"12":226,"13":226,"14":67,"15":159,"16":388,"17":122,"18":122,"19":18,"20":2,"21":244,"22":2,"23":23,"24":23,"25":23},"f":{"0":0,"1":181,"2":207,"3":293,"4":228,"5":388},"b":{"0":[2,291],"1":[2,226],"2":[67,159],"3":[122,18,2,244,2]}}
,"D:\\Strategic OSS\\nestjs-cls\\packages\\core\\src\\lib\\cls-initializers\\utils\\request-identity-resolver.ts": {"path":"D:\\Strategic OSS\\nestjs-cls\\packages\\core\\src\\lib\\cls-initializers\\utils\\request-identity-resolver.ts","statementMap":{"0":{"start":{"line":7,"column":33},"end":{"line":7,"column":71}},"1":{"start":{"line":13,"column":27},"end":{"line":13,"column":56}},"2":{"start":{"line":112,"column":8},"end":{"line":114,"column":9}},"3":{"start":{"line":113,"column":12},"end":{"line":113,"column":27}},"4":{"start":{"line":117,"column":8},"end":{"line":119,"column":9}},"5":{"start":{"line":118,"column":12},"end":{"line":118,"column":53}},"6":{"start":{"line":122,"column":32},"end":{"line":122,"column":63}},"7":{"start":{"line":123,"column":8},"end":{"line":125,"column":9}},"8":{"start":{"line":124,"column":12},"end":{"line":124,"column":35}},"9":{"start":{"line":128,"column":26},"end":{"line":128,"column":62}},"10":{"start":{"line":131,"column":8},"end":{"line":135,"column":9}},"11":{"start":{"line":132,"column":38},"end":{"line":132,"column":73}},"12":{"start":{"line":133,"column":12},"end":{"line":133,"column":58}},"13":{"start":{"line":134,"column":12},"end":{"line":134,"column":37}},"14":{"start":{"line":138,"column":8},"end":{"line":138,"column":48}},"15":{"start":{"line":139,"column":8},"end":{"line":141,"column":9}},"16":{"start":{"line":140,"column":12},"end":{"line":140,"column":50}},"17":{"start":{"line":144,"column":8},"end":{"line":146,"column":9}},"18":{"start":{"line":145,"column":12},"end":{"line":145,"column":55}},"19":{"start":{"line":147,"column":8},"end":{"line":149,"column":9}},"20":{"start":{"line":148,"column":12},"end":{"line":148,"column":57}},"21":{"start":{"line":151,"column":8},"end":{"line":151,"column":25}},"22":{"start":{"line":167,"column":8},"end":{"line":169,"column":9}},"23":{"start":{"line":168,"column":12},"end":{"line":168,"column":31}},"24":{"start":{"line":172,"column":8},"end":{"line":174,"column":9}},"25":{"start":{"line":173,"column":12},"end":{"line":173,"column":31}},"26":{"start":{"line":177,"column":8},"end":{"line":177,"column":23}},"27":{"start":{"line":198,"column":29},"end":{"line":201,"column":10}},"28":{"start":{"line":203,"column":8},"end":{"line":212,"column":9}},"29":{"start":{"line":204,"column":28},"end":{"line":204,"column":41}},"30":{"start":{"line":205,"column":12},"end":{"line":211,"column":13}},"31":{"start":{"line":210,"column":16},"end":{"line":210,"column":57}},"32":{"start":{"line":215,"column":8},"end":{"line":215,"column":25}},"33":{"start":{"line":228,"column":8},"end":{"line":240,"column":9}},"34":{"start":{"line":230,"column":12},"end":{"line":235,"column":15}},"35":{"start":{"line":236,"column":12},"end":{"line":236,"column":24}},"36":{"start":{"line":239,"column":12},"end":{"line":239,"column":25}},"37":{"start":{"line":267,"column":8},"end":{"line":267,"column":33}},"38":{"start":{"line":56,"column":0},"end":{"line":56,"column":13}},"39":{"start":{"line":61,"column":19},"end":{"line":61,"column":39}}},"fnMap":{"0":{"name":"(anonymous_0)","decl":{"start":{"line":67,"column":4},"end":{"line":67,"column":27}},"loc":{"start":{"line":67,"column":4},"end":{"line":67,"column":28}}},"1":{"name":"(anonymous_1)","decl":{"start":{"line":109,"column":4},"end":{"line":109,"column":10}},"loc":{"start":{"line":109,"column":35},"end":{"line":152,"column":5}}},"2":{"name":"(anonymous_2)","decl":{"start":{"line":165,"column":12},"end":{"line":165,"column":18}},"loc":{"start":{"line":165,"column":54},"end":{"line":178,"column":5}}},"3":{"name":"(anonymous_3)","decl":{"start":{"line":196,"column":12},"end":{"line":196,"column":18}},"loc":{"start":{"line":196,"column":52},"end":{"line":216,"column":5}}},"4":{"name":"(anonymous_4)","decl":{"start":{"line":227,"column":12},"end":{"line":227,"column":18}},"loc":{"start":{"line":227,"column":66},"end":{"line":241,"column":5}}},"5":{"name":"(anonymous_5)","decl":{"start":{"line":252,"column":4},"end":{"line":252,"column":10}},"loc":{"start":{"line":252,"column":21},"end":{"line":256,"column":5}}},"6":{"name":"(anonymous_6)","decl":{"start":{"line":266,"column":4},"end":{"line":266,"column":10}},"loc":{"start":{"line":266,"column":23},"end":{"line":268,"column":5}}}},"branchMap":{"0":{"loc":{"start":{"line":112,"column":8},"end":{"line":114,"column":9}},"type":"if","locations":[{"start":{"line":112,"column":8},"end":{"line":114,"column":9}},{"start":{},"end":{}}]},"1":{"loc":{"start":{"line":112,"column":12},"end":{"line":112,"column":51}},"type":"binary-expr","locations":[{"start":{"line":112,"column":12},"end":{"line":112,"column":20}},{"start":{"line":112,"column":24},"end":{"line":112,"column":51}}]},"2":{"loc":{"start":{"line":117,"column":8},"end":{"line":119,"column":9}},"type":"if","locations":[{"start":{"line":117,"column":8},"end":{"line":119,"column":9}},{"start":{},"end":{}}]},"3":{"loc":{"start":{"line":123,"column":8},"end":{"line":125,"column":9}},"type":"if","locations":[{"start":{"line":123,"column":8},"end":{"line":125,"column":9}},{"start":{},"end":{}}]},"4":{"loc":{"start":{"line":131,"column":8},"end":{"line":135,"column":9}},"type":"if","locations":[{"start":{"line":131,"column":8},"end":{"line":135,"column":9}},{"start":{},"end":{}}]},"5":{"loc":{"start":{"line":131,"column":12},"end":{"line":131,"column":74}},"type":"binary-expr","locations":[{"start":{"line":131,"column":12},"end":{"line":131,"column":33}},{"start":{"line":131,"column":37},"end":{"line":131,"column":74}}]},"6":{"loc":{"start":{"line":139,"column":8},"end":{"line":141,"column":9}},"type":"if","locations":[{"start":{"line":139,"column":8},"end":{"line":141,"column":9}},{"start":{},"end":{}}]},"7":{"loc":{"start":{"line":144,"column":8},"end":{"line":146,"column":9}},"type":"if","locations":[{"start":{"line":144,"column":8},"end":{"line":146,"column":9}},{"start":{},"end":{}}]},"8":{"loc":{"start":{"line":147,"column":8},"end":{"line":149,"column":9}},"type":"if","locations":[{"start":{"line":147,"column":8},"end":{"line":149,"column":9}},{"start":{},"end":{}}]},"9":{"loc":{"start":{"line":147,"column":12},"end":{"line":147,"column":77}},"type":"binary-expr","locations":[{"start":{"line":147,"column":12},"end":{"line":147,"column":33}},{"start":{"line":147,"column":37},"end":{"line":147,"column":77}}]},"10":{"loc":{"start":{"line":167,"column":8},"end":{"line":169,"column":9}},"type":"if","locations":[{"start":{"line":167,"column":8},"end":{"line":169,"column":9}},{"start":{},"end":{}}]},"11":{"loc":{"start":{"line":167,"column":12},"end":{"line":167,"column":58}},"type":"binary-expr","locations":[{"start":{"line":167,"column":12},"end":{"line":167,"column":23}},{"start":{"line":167,"column":27},"end":{"line":167,"column":58}}]},"12":{"loc":{"start":{"line":172,"column":8},"end":{"line":174,"column":9}},"type":"if","locations":[{"start":{"line":172,"column":8},"end":{"line":174,"column":9}},{"start":{},"end":{}}]},"13":{"loc":{"start":{"line":172,"column":12},"end":{"line":172,"column":58}},"type":"binary-expr","locations":[{"start":{"line":172,"column":12},"end":{"line":172,"column":23}},{"start":{"line":172,"column":27},"end":{"line":172,"column":58}}]},"14":{"loc":{"start":{"line":205,"column":12},"end":{"line":211,"column":13}},"type":"if","locations":[{"start":{"line":205,"column":12},"end":{"line":211,"column":13}},{"start":{},"end":{}}]},"15":{"loc":{"start":{"line":206,"column":16},"end":{"line":208,"column":51}},"type":"binary-expr","locations":[{"start":{"line":206,"column":16},"end":{"line":206,"column":23}},{"start":{"line":207,"column":16},"end":{"line":207,"column":43}},{"start":{"line":208,"column":16},"end":{"line":208,"column":51}}]}},"s":{"0":24,"1":24,"2":3284,"3":5,"4":3279,"5":1085,"6":2194,"7":2194,"8":3,"9":2191,"10":2191,"11":2,"12":2,"13":2,"14":2189,"15":2189,"16":26,"17":2189,"18":5,"19":2189,"20":0,"21":2189,"22":2191,"23":27,"24":2164,"25":1,"26":2163,"27":0,"28":0,"29":0,"30":0,"31":0,"32":0,"33":2217,"34":2217,"35":2212,"36":5,"37":28,"38":24,"39":24},"f":{"0":0,"1":3284,"2":2191,"3":0,"4":2217,"5":0,"6":28},"b":{"0":[5,3279],"1":[3284,3282],"2":[1085,2194],"3":[3,2191],"4":[2,2189],"5":[2191,28],"6":[26,2163],"7":[5,2184],"8":[0,2189],"9":[2189,26],"10":[27,2164],"11":[2191,27],"12":[1,2163],"13":[2164,1],"14":[0,0],"15":[0,0,0]}}
,"D:\\Strategic OSS\\nestjs-cls\\packages\\core\\src\\lib\\cls-module\\cls-common.module.ts": {"path":"D:\\Strategic OSS\\nestjs-cls\\packages\\core\\src\\lib\\cls-module\\cls-common.module.ts","statementMap":{"0":{"start":{"line":1,"column":0},"end":{"line":1,"column":55}},"1":{"start":{"line":2,"column":0},"end":{"line":2,"column":59}},"2":{"start":{"line":3,"column":0},"end":{"line":3,"column":44}},"3":{"start":{"line":5,"column":0},"end":{"line":5,"column":63}},"4":{"start":{"line":6,"column":0},"end":{"line":6,"column":80}},"5":{"start":{"line":8,"column":54},"end":{"line":11,"column":2}},"6":{"start":{"line":13,"column":24},"end":{"line":20,"column":2}},"7":{"start":{"line":16,"column":8},"end":{"line":18,"column":10}},"8":{"start":{"line":29,"column":7},"end":{"line":29,"column":null}},"9":{"start":{"line":29,"column":13},"end":{"line":29,"column":28}},"10":{"start":{"line":29,"column":13},"end":{"line":29,"column":null}}},"fnMap":{"0":{"name":"(anonymous_1)","decl":{"start":{"line":15,"column":43},"end":{"line":15,"column":44}},"loc":{"start":{"line":16,"column":8},"end":{"line":18,"column":10}}}},"branchMap":{},"s":{"0":21,"1":21,"2":21,"3":21,"4":21,"5":21,"6":21,"7":63,"8":21,"9":21,"10":21},"f":{"0":63},"b":{}}
,"D:\\Strategic OSS\\nestjs-cls\\packages\\core\\src\\lib\\cls-module\\cls-root.module.ts": {"path":"D:\\Strategic OSS\\nestjs-cls\\packages\\core\\src\\lib\\cls-module\\cls-root.module.ts","statementMap":{"0":{"start":{"line":1,"column":0},"end":{"line":1,"column":null}},"1":{"start":{"line":14,"column":0},"end":{"line":14,"column":null}},"2":{"start":{"line":20,"column":0},"end":{"line":20,"column":60}},"3":{"start":{"line":21,"column":0},"end":{"line":21,"column":57}},"4":{"start":{"line":22,"column":0},"end":{"line":22,"column":69}},"5":{"start":{"line":23,"column":0},"end":{"line":23,"column":67}},"6":{"start":{"line":24,"column":0},"end":{"line":24,"column":null}},"7":{"start":{"line":30,"column":0},"end":{"line":30,"column":null}},"8":{"start":{"line":37,"column":0},"end":{"line":37,"column":58}},"9":{"start":{"line":38,"column":0},"end":{"line":38,"column":64}},"10":{"start":{"line":39,"column":0},"end":{"line":39,"column":80}},"11":{"start":{"line":40,"column":0},"end":{"line":40,"column":54}},"12":{"start":{"line":41,"column":0},"end":{"line":41,"column":61}},"13":{"start":{"line":55,"column":25},"end":{"line":55,"column":38}},"14":{"start":{"line":56,"column":25},"end":{"line":56,"column":36}},"15":{"start":{"line":60,"column":24},"end":{"line":60,"column":66}},"16":{"start":{"line":62,"column":8},"end":{"line":71,"column":9}},"17":{"start":{"line":63,"column":28},"end":{"line":63,"column":56}},"18":{"start":{"line":64,"column":31},"end":{"line":64,"column":63}},"19":{"start":{"line":65,"column":12},"end":{"line":69,"column":13}},"20":{"start":{"line":66,"column":16},"end":{"line":68,"column":18}},"21":{"start":{"line":70,"column":12},"end":{"line":70,"column":64}},"22":{"start":{"line":75,"column":8},"end":{"line":75,"column":52}},"23":{"start":{"line":84,"column":8},"end":{"line":84,"column":60}},"24":{"start":{"line":85,"column":39},"end":{"line":85,"column":58}},"25":{"start":{"line":86,"column":8},"end":{"line":86,"column":37}},"26":{"start":{"line":87,"column":31},"end":{"line":88,"column":null}},"27":{"start":{"line":91,"column":8},"end":{"line":107,"column":10}},"28":{"start":{"line":104,"column":45},"end":{"line":104,"column":54}},"29":{"start":{"line":115,"column":39},"end":{"line":115,"column":58}},"30":{"start":{"line":116,"column":8},"end":{"line":116,"column":37}},"31":{"start":{"line":117,"column":31},"end":{"line":118,"column":null}},"32":{"start":{"line":121,"column":8},"end":{"line":135,"column":10}},"33":{"start":{"line":133,"column":63},"end":{"line":133,"column":72}},"34":{"start":{"line":143,"column":8},"end":{"line":149,"column":10}},"35":{"start":{"line":145,"column":16},"end":{"line":147,"column":18}},"36":{"start":{"line":153,"column":38},"end":{"line":169,"column":10}},"37":{"start":{"line":170,"column":40},"end":{"line":181,"column":10}},"38":{"start":{"line":183,"column":8},"end":{"line":186,"column":10}},"39":{"start":{"line":192,"column":37},"end":{"line":195,"column":10}},"40":{"start":{"line":196,"column":8},"end":{"line":196,"column":36}},"41":{"start":{"line":202,"column":32},"end":{"line":205,"column":10}},"42":{"start":{"line":206,"column":8},"end":{"line":206,"column":31}},"43":{"start":{"line":212,"column":38},"end":{"line":215,"column":10}},"44":{"start":{"line":216,"column":8},"end":{"line":216,"column":37}},"45":{"start":{"line":220,"column":8},"end":{"line":227,"column":9}},"46":{"start":{"line":221,"column":12},"end":{"line":225,"column":13}},"47":{"start":{"line":222,"column":16},"end":{"line":224,"column":18}},"48":{"start":{"line":226,"column":12},"end":{"line":226,"column":41}},"49":{"start":{"line":228,"column":8},"end":{"line":230,"column":10}},"50":{"start":{"line":229,"column":31},"end":{"line":229,"column":35}},"51":{"start":{"line":236,"column":8},"end":{"line":243,"column":9}},"52":{"start":{"line":237,"column":12},"end":{"line":241,"column":13}},"53":{"start":{"line":238,"column":16},"end":{"line":240,"column":18}},"54":{"start":{"line":242,"column":12},"end":{"line":242,"column":47}},"55":{"start":{"line":244,"column":8},"end":{"line":246,"column":10}},"56":{"start":{"line":245,"column":36},"end":{"line":245,"column":49}},"57":{"start":{"line":51,"column":13},"end":{"line":51,"column":26}},"58":{"start":{"line":52,"column":19},"end":{"line":52,"column":52}},"59":{"start":{"line":51,"column":13},"end":{"line":248,"column":null}}},"fnMap":{"0":{"name":"(anonymous_2)","decl":{"start":{"line":54,"column":4},"end":{"line":54,"column":null}},"loc":{"start":{"line":56,"column":45},"end":{"line":57,"column":8}}},"1":{"name":"(anonymous_3)","decl":{"start":{"line":59,"column":4},"end":{"line":59,"column":13}},"loc":{"start":{"line":59,"column":42},"end":{"line":72,"column":5}}},"2":{"name":"(anonymous_4)","decl":{"start":{"line":74,"column":4},"end":{"line":74,"column":16}},"loc":{"start":{"line":74,"column":16},"end":{"line":76,"column":5}}},"3":{"name":"(anonymous_5)","decl":{"start":{"line":83,"column":4},"end":{"line":83,"column":10}},"loc":{"start":{"line":83,"column":45},"end":{"line":108,"column":5}}},"4":{"name":"(anonymous_6)","decl":{"start":{"line":104,"column":38},"end":{"line":104,"column":39}},"loc":{"start":{"line":104,"column":45},"end":{"line":104,"column":54}}},"5":{"name":"(anonymous_7)","decl":{"start":{"line":114,"column":4},"end":{"line":114,"column":10}},"loc":{"start":{"line":114,"column":59},"end":{"line":136,"column":5}}},"6":{"name":"(anonymous_8)","decl":{"start":{"line":133,"column":56},"end":{"line":133,"column":57}},"loc":{"start":{"line":133,"column":63},"end":{"line":133,"column":72}}},"7":{"name":"(anonymous_9)","decl":{"start":{"line":142,"column":4},"end":{"line":142,"column":10}},"loc":{"start":{"line":142,"column":71},"end":{"line":150,"column":5}}},"8":{"name":"(anonymous_10)","decl":{"start":{"line":144,"column":38},"end":{"line":144,"column":39}},"loc":{"start":{"line":145,"column":16},"end":{"line":147,"column":18}}},"9":{"name":"(anonymous_11)","decl":{"start":{"line":152,"column":12},"end":{"line":152,"column":18}},"loc":{"start":{"line":152,"column":31},"end":{"line":187,"column":5}}},"10":{"name":"(anonymous_12)","decl":{"start":{"line":189,"column":12},"end":{"line":189,"column":18}},"loc":{"start":{"line":190,"column":33},"end":{"line":197,"column":5}}},"11":{"name":"(anonymous_13)","decl":{"start":{"line":199,"column":12},"end":{"line":199,"column":18}},"loc":{"start":{"line":200,"column":33},"end":{"line":207,"column":5}}},"12":{"name":"(anonymous_14)","decl":{"start":{"line":209,"column":12},"end":{"line":209,"column":18}},"loc":{"start":{"line":210,"column":33},"end":{"line":217,"column":5}}},"13":{"name":"(anonymous_15)","decl":{"start":{"line":219,"column":12},"end":{"line":219,"column":18}},"loc":{"start":{"line":219,"column":59},"end":{"line":231,"column":5}}},"14":{"name":"(anonymous_16)","decl":{"start":{"line":229,"column":25},"end":{"line":229,"column":28}},"loc":{"start":{"line":229,"column":31},"end":{"line":229,"column":35}}},"15":{"name":"(anonymous_17)","decl":{"start":{"line":233,"column":12},"end":{"line":233,"column":18}},"loc":{"start":{"line":234,"column":38},"end":{"line":247,"column":5}}},"16":{"name":"(anonymous_18)","decl":{"start":{"line":245,"column":23},"end":{"line":245,"column":24}},"loc":{"start":{"line":245,"column":36},"end":{"line":245,"column":49}}}},"branchMap":{"0":{"loc":{"start":{"line":62,"column":8},"end":{"line":71,"column":9}},"type":"if","locations":[{"start":{"line":62,"column":8},"end":{"line":71,"column":9}},{"start":{},"end":{}}]},"1":{"loc":{"start":{"line":65,"column":12},"end":{"line":69,"column":13}},"type":"if","locations":[{"start":{"line":65,"column":12},"end":{"line":69,"column":13}},{"start":{},"end":{}}]},"2":{"loc":{"start":{"line":123,"column":21},"end":{"line":123,"column":47}},"type":"binary-expr","locations":[{"start":{"line":123,"column":21},"end":{"line":123,"column":41}},{"start":{"line":123,"column":45},"end":{"line":123,"column":47}}]},"3":{"loc":{"start":{"line":144,"column":12},"end":{"line":148,"column":19}},"type":"binary-expr","locations":[{"start":{"line":144,"column":12},"end":{"line":147,"column":null}},{"start":{"line":148,"column":17},"end":{"line":148,"column":19}}]},"4":{"loc":{"start":{"line":220,"column":8},"end":{"line":227,"column":9}},"type":"if","locations":[{"start":{"line":220,"column":8},"end":{"line":227,"column":9}},{"start":{},"end":{}}]},"5":{"loc":{"start":{"line":221,"column":12},"end":{"line":225,"column":13}},"type":"if","locations":[{"start":{"line":221,"column":12},"end":{"line":225,"column":13}},{"start":{},"end":{}}]},"6":{"loc":{"start":{"line":236,"column":8},"end":{"line":243,"column":9}},"type":"if","locations":[{"start":{"line":236,"column":8},"end":{"line":243,"column":9}},{"start":{},"end":{}}]},"7":{"loc":{"start":{"line":237,"column":12},"end":{"line":241,"column":13}},"type":"if","locations":[{"start":{"line":237,"column":12},"end":{"line":241,"column":13}},{"start":{},"end":{}}]}},"s":{"0":21,"1":21,"2":21,"3":21,"4":21,"5":21,"6":21,"7":21,"8":21,"9":21,"10":21,"11":21,"12":21,"13":355,"14":355,"15":351,"16":351,"17":323,"18":323,"19":323,"20":323,"21":323,"22":355,"23":350,"24":350,"25":350,"26":350,"27":349,"28":11,"29":6,"30":6,"31":6,"32":6,"33":0,"34":641,"35":16618,"36":356,"37":356,"38":356,"39":355,"40":355,"41":355,"42":355,"43":355,"44":355,"45":355,"46":10,"47":10,"48":10,"49":345,"50":185,"51":355,"52":12,"53":12,"54":12,"55":343,"56":225,"57":21,"58":21,"59":21},"f":{"0":355,"1":351,"2":355,"3":350,"4":11,"5":6,"6":0,"7":641,"8":16618,"9":356,"10":355,"11":355,"12":355,"13":355,"14":185,"15":355,"16":225},"b":{"0":[323,28],"1":[323,0],"2":[6,3],"3":[641,344],"4":[10,345],"5":[10,0],"6":[12,343],"7":[12,0]}}
,"D:\\Strategic OSS\\nestjs-cls\\packages\\core\\src\\lib\\cls-module\\cls.module.ts": {"path":"D:\\Strategic OSS\\nestjs-cls\\packages\\core\\src\\lib\\cls-module\\cls.module.ts","statementMap":{"0":{"start":{"line":1,"column":0},"end":{"line":1,"column":61}},"1":{"start":{"line":5,"column":0},"end":{"line":5,"column":64}},"2":{"start":{"line":6,"column":0},"end":{"line":6,"column":80}},"3":{"start":{"line":8,"column":0},"end":{"line":8,"column":54}},"4":{"start":{"line":9,"column":0},"end":{"line":9,"column":50}},"5":{"start":{"line":18,"column":22},"end":{"line":99,"column":null}},"6":{"start":{"line":25,"column":8},"end":{"line":32,"column":10}},"7":{"start":{"line":41,"column":8},"end":{"line":48,"column":10}},"8":{"start":{"line":63,"column":12},"end":{"line":63,"column":73}},"9":{"start":{"line":64,"column":8},"end":{"line":68,"column":10}},"10":{"start":{"line":67,"column":47},"end":{"line":67,"column":56}},"11":{"start":{"line":79,"column":30},"end":{"line":79,"column":79}},"12":{"start":{"line":80,"column":26},"end":{"line":80,"column":61}},"13":{"start":{"line":81,"column":8},"end":{"line":87,"column":10}},"14":{"start":{"line":94,"column":8},"end":{"line":97,"column":10}},"15":{"start":{"line":18,"column":13},"end":{"line":18,"column":22}},"16":{"start":{"line":18,"column":13},"end":{"line":99,"column":null}}},"fnMap":{"0":{"name":"(anonymous_1)","decl":{"start":{"line":24,"column":4},"end":{"line":24,"column":10}},"loc":{"start":{"line":24,"column":45},"end":{"line":33,"column":5}}},"1":{"name":"(anonymous_2)","decl":{"start":{"line":40,"column":4},"end":{"line":40,"column":10}},"loc":{"start":{"line":40,"column":59},"end":{"line":49,"column":5}}},"2":{"name":"(anonymous_3)","decl":{"start":{"line":61,"column":4},"end":{"line":61,"column":10}},"loc":{"start":{"line":61,"column":58},"end":{"line":69,"column":5}}},"3":{"name":"(anonymous_4)","decl":{"start":{"line":67,"column":40},"end":{"line":67,"column":41}},"loc":{"start":{"line":67,"column":47},"end":{"line":67,"column":56}}},"4":{"name":"(anonymous_5)","decl":{"start":{"line":76,"column":4},"end":{"line":76,"column":10}},"loc":{"start":{"line":77,"column":46},"end":{"line":88,"column":5}}},"5":{"name":"(anonymous_6)","decl":{"start":{"line":93,"column":4},"end":{"line":93,"column":10}},"loc":{"start":{"line":93,"column":47},"end":{"line":98,"column":5}}}},"branchMap":{"0":{"loc":{"start":{"line":80,"column":31},"end":{"line":80,"column":59}},"type":"binary-expr","locations":[{"start":{"line":80,"column":31},"end":{"line":80,"column":53}},{"start":{"line":80,"column":57},"end":{"line":80,"column":59}}]},"1":{"loc":{"start":{"line":83,"column":21},"end":{"line":83,"column":42}},"type":"binary-expr","locations":[{"start":{"line":83,"column":21},"end":{"line":83,"column":36}},{"start":{"line":83,"column":40},"end":{"line":83,"column":42}}]}},"s":{"0":21,"1":21,"2":21,"3":21,"4":21,"5":21,"6":350,"7":6,"8":285,"9":284,"10":16605,"11":43,"12":43,"13":43,"14":6,"15":21,"16":21},"f":{"0":350,"1":6,"2":285,"3":16605,"4":43,"5":6},"b":{"0":[43,39],"1":[43,30]}}
,"D:\\Strategic OSS\\nestjs-cls\\packages\\core\\src\\lib\\cls-module\\feature-detection.utils.ts": {"path":"D:\\Strategic OSS\\nestjs-cls\\packages\\core\\src\\lib\\cls-module\\feature-detection.utils.ts","statementMap":{"0":{"start":{"line":32,"column":0},"end":{"line":32,"column":16}},"1":{"start":{"line":3,"column":0},"end":{"line":3,"column":null}},"2":{"start":{"line":4,"column":4},"end":{"line":4,"column":null}},"3":{"start":{"line":5,"column":4},"end":{"line":5,"column":null}},"4":{"start":{"line":8,"column":0},"end":{"line":8,"column":null}},"5":{"start":{"line":9,"column":4},"end":{"line":9,"column":null}},"6":{"start":{"line":10,"column":4},"end":{"line":10,"column":null}},"7":{"start":{"line":13,"column":0},"end":{"line":13,"column":null}},"8":{"start":{"line":14,"column":4},"end":{"line":14,"column":null}},"9":{"start":{"line":15,"column":4},"end":{"line":15,"column":null}},"10":{"start":{"line":35,"column":24},"end":{"line":35,"column":58}},"11":{"start":{"line":36,"column":4},"end":{"line":46,"column":5}},"12":{"start":{"line":37,"column":8},"end":{"line":40,"column":10}},"13":{"start":{"line":42,"column":8},"end":{"line":45,"column":10}},"14":{"start":{"line":50,"column":4},"end":{"line":52,"column":5}},"15":{"start":{"line":51,"column":8},"end":{"line":51,"column":39}},"16":{"start":{"line":53,"column":4},"end":{"line":53,"column":35}},"17":{"start":{"line":58,"column":4},"end":{"line":63,"column":5}},"18":{"start":{"line":62,"column":8},"end":{"line":62,"column":33}},"19":{"start":{"line":64,"column":4},"end":{"line":64,"column":29}},"20":{"start":{"line":69,"column":4},"end":{"line":75,"column":5}},"21":{"start":{"line":74,"column":8},"end":{"line":74,"column":33}},"22":{"start":{"line":76,"column":4},"end":{"line":76,"column":29}}},"fnMap":{"0":{"name":"(anonymous_0)","decl":{"start":{"line":3,"column":0},"end":{"line":3,"column":12}},"loc":{"start":{"line":3,"column":26},"end":{"line":6,"column":1}}},"1":{"name":"(anonymous_1)","decl":{"start":{"line":8,"column":0},"end":{"line":8,"column":12}},"loc":{"start":{"line":8,"column":26},"end":{"line":11,"column":1}}},"2":{"name":"(anonymous_2)","decl":{"start":{"line":13,"column":0},"end":{"line":13,"column":12}},"loc":{"start":{"line":13,"column":27},"end":{"line":16,"column":1}}},"3":{"name":"detectHttpAdapterTypeAndVersion","decl":{"start":{"line":32,"column":16},"end":{"line":32,"column":47}},"loc":{"start":{"line":33,"column":27},"end":{"line":47,"column":1}}},"4":{"name":"detectHttpAdapterType","decl":{"start":{"line":49,"column":9},"end":{"line":49,"column":30}},"loc":{"start":{"line":49,"column":47},"end":{"line":54,"column":1}}},"5":{"name":"detectExpressVersion","decl":{"start":{"line":56,"column":9},"end":{"line":56,"column":29}},"loc":{"start":{"line":56,"column":45},"end":{"line":65,"column":1}}},"6":{"name":"detectFastifyVersion","decl":{"start":{"line":67,"column":9},"end":{"line":67,"column":29}},"loc":{"start":{"line":67,"column":45},"end":{"line":77,"column":1}}}},"branchMap":{"0":{"loc":{"start":{"line":3,"column":12},"end":{"line":3,"column":null}},"type":"binary-expr","locations":[{"start":{"line":3,"column":12},"end":{"line":3,"column":26}},{"start":{"line":3,"column":26},"end":{"line":3,"column":null}}]},"1":{"loc":{"start":{"line":8,"column":12},"end":{"line":8,"column":null}},"type":"binary-expr","locations":[{"start":{"line":8,"column":12},"end":{"line":8,"column":26}},{"start":{"line":8,"column":26},"end":{"line":8,"column":null}}]},"2":{"loc":{"start":{"line":13,"column":12},"end":{"line":13,"column":null}},"type":"binary-expr","locations":[{"start":{"line":13,"column":12},"end":{"line":13,"column":27}},{"start":{"line":13,"column":27},"end":{"line":13,"column":null}}]},"3":{"loc":{"start":{"line":36,"column":4},"end":{"line":46,"column":5}},"type":"if","locations":[{"start":{"line":36,"column":4},"end":{"line":46,"column":5}},{"start":{"line":41,"column":11},"end":{"line":46,"column":5}}]},"4":{"loc":{"start":{"line":50,"column":4},"end":{"line":52,"column":5}},"type":"if","locations":[{"start":{"line":50,"column":4},"end":{"line":52,"column":5}},{"start":{},"end":{}}]},"5":{"loc":{"start":{"line":58,"column":4},"end":{"line":63,"column":5}},"type":"if","locations":[{"start":{"line":58,"column":4},"end":{"line":63,"column":5}},{"start":{},"end":{}}]},"6":{"loc":{"start":{"line":69,"column":4},"end":{"line":75,"column":5}},"type":"if","locations":[{"start":{"line":69,"column":4},"end":{"line":75,"column":5}},{"start":{},"end":{}}]},"7":{"loc":{"start":{"line":71,"column":8},"end":{"line":72,"column":57}},"type":"binary-expr","locations":[{"start":{"line":71,"column":8},"end":{"line":71,"column":57}},{"start":{"line":72,"column":8},"end":{"line":72,"column":57}}]}},"s":{"0":22,"1":22,"2":22,"3":22,"4":22,"5":22,"6":22,"7":22,"8":22,"9":22,"10":327,"11":327,"12":6,"13":321,"14":327,"15":6,"16":321,"17":321,"18":320,"19":1,"20":6,"21":5,"22":1},"f":{"0":22,"1":22,"2":22,"3":327,"4":327,"5":321,"6":6},"b":{"0":[22,22],"1":[22,22],"2":[22,22],"3":[6,321],"4":[6,321],"5":[320,1],"6":[5,1],"7":[6,5]}}
,"D:\\Strategic OSS\\nestjs-cls\\packages\\core\\src\\lib\\cls-module\\middleware.utils.ts": {"path":"D:\\Strategic OSS\\nestjs-cls\\packages\\core\\src\\lib\\cls-module\\middleware.utils.ts","statementMap":{"0":{"start":{"line":15,"column":0},"end":{"line":15,"column":16}},"1":{"start":{"line":2,"column":0},"end":{"line":2,"column":null}},"2":{"start":{"line":9,"column":30},"end":{"line":9,"column":33}},"3":{"start":{"line":10,"column":30},"end":{"line":10,"column":33}},"4":{"start":{"line":12,"column":30},"end":{"line":12,"column":39}},"5":{"start":{"line":13,"column":30},"end":{"line":13,"column":36}},"6":{"start":{"line":16,"column":21},"end":{"line":16,"column":61}},"7":{"start":{"line":17,"column":4},"end":{"line":27,"column":5}},"8":{"start":{"line":18,"column":8},"end":{"line":20,"column":9}},"9":{"start":{"line":19,"column":12},"end":{"line":19,"column":41}},"10":{"start":{"line":21,"column":8},"end":{"line":21,"column":37}},"11":{"start":{"line":23,"column":8},"end":{"line":25,"column":9}},"12":{"start":{"line":24,"column":12},"end":{"line":24,"column":41}},"13":{"start":{"line":26,"column":8},"end":{"line":26,"column":37}}},"fnMap":{"0":{"name":"getMiddlewareMountPoint","decl":{"start":{"line":15,"column":16},"end":{"line":15,"column":39}},"loc":{"start":{"line":15,"column":59},"end":{"line":28,"column":1}}}},"branchMap":{"0":{"loc":{"start":{"line":17,"column":4},"end":{"line":27,"column":5}},"type":"if","locations":[{"start":{"line":17,"column":4},"end":{"line":27,"column":5}},{"start":{"line":22,"column":11},"end":{"line":27,"column":5}}]},"1":{"loc":{"start":{"line":18,"column":8},"end":{"line":20,"column":9}},"type":"if","locations":[{"start":{"line":18,"column":8},"end":{"line":20,"column":9}},{"start":{},"end":{}}]},"2":{"loc":{"start":{"line":23,"column":8},"end":{"line":25,"column":9}},"type":"if","locations":[{"start":{"line":23,"column":8},"end":{"line":25,"column":9}},{"start":{},"end":{}}]}},"s":{"0":21,"1":21,"2":21,"3":21,"4":21,"5":21,"6":323,"7":323,"8":4,"9":4,"10":0,"11":319,"12":319,"13":0},"f":{"0":323},"b":{"0":[4,319],"1":[4,0],"2":[319,0]}}
,"D:\\Strategic OSS\\nestjs-cls\\packages\\core\\src\\lib\\plugin\\cls-plugin-base.ts": {"path":"D:\\Strategic OSS\\nestjs-cls\\packages\\core\\src\\lib\\plugin\\cls-plugin-base.ts","statementMap":{"0":{"start":{"line":56,"column":0},"end":{"line":56,"column":16}},"1":{"start":{"line":60,"column":0},"end":{"line":60,"column":16}},"2":{"start":{"line":18,"column":32},"end":{"line":18,"column":44}},"3":{"start":{"line":11,"column":4},"end":{"line":11,"column":24}},"4":{"start":{"line":12,"column":4},"end":{"line":12,"column":31}},"5":{"start":{"line":13,"column":4},"end":{"line":13,"column":24}},"6":{"start":{"line":21,"column":8},"end":{"line":21,"column":46}},"7":{"start":{"line":47,"column":8},"end":{"line":51,"column":11}},"8":{"start":{"line":52,"column":8},"end":{"line":52,"column":51}},"9":{"start":{"line":10,"column":0},"end":{"line":10,"column":22}},"10":{"start":{"line":57,"column":4},"end":{"line":57,"column":38}},"11":{"start":{"line":61,"column":4},"end":{"line":61,"column":78}}},"fnMap":{"0":{"name":"(anonymous_0)","decl":{"start":{"line":18,"column":4},"end":{"line":18,"column":32}},"loc":{"start":{"line":18,"column":44},"end":{"line":18,"column":48}}},"1":{"name":"(anonymous_1)","decl":{"start":{"line":20,"column":4},"end":{"line":20,"column":18}},"loc":{"start":{"line":20,"column":36},"end":{"line":22,"column":5}}},"2":{"name":"(anonymous_2)","decl":{"start":{"line":43,"column":14},"end":{"line":43,"column":27}},"loc":{"start":{"line":46,"column":5},"end":{"line":53,"column":5}}},"3":{"name":"getPluginHooksToken","decl":{"start":{"line":56,"column":16},"end":{"line":56,"column":35}},"loc":{"start":{"line":56,"column":48},"end":{"line":58,"column":1}}},"4":{"name":"isPluginHooksToken","decl":{"start":{"line":60,"column":16},"end":{"line":60,"column":34}},"loc":{"start":{"line":60,"column":57},"end":{"line":62,"column":1}}}},"branchMap":{"0":{"loc":{"start":{"line":61,"column":11},"end":{"line":61,"column":77}},"type":"binary-expr","locations":[{"start":{"line":61,"column":11},"end":{"line":61,"column":36}},{"start":{"line":61,"column":40},"end":{"line":61,"column":77}}]}},"s":{"0":21,"1":21,"2":0,"3":0,"4":0,"5":0,"6":0,"7":0,"8":0,"9":21,"10":52,"11":34338},"f":{"0":0,"1":0,"2":0,"3":52,"4":34338},"b":{"0":[34338,33268]}}
,"D:\\Strategic OSS\\nestjs-cls\\packages\\core\\src\\lib\\plugin\\cls-plugin-hooks-host.ts": {"path":"D:\\Strategic OSS\\nestjs-cls\\packages\\core\\src\\lib\\plugin\\cls-plugin-hooks-host.ts","statementMap":{"0":{"start":{"line":1,"column":0},"end":{"line":1,"column":58}},"1":{"start":{"line":2,"column":0},"end":{"line":2,"column":48}},"2":{"start":{"line":3,"column":0},"end":{"line":3,"column":60}},"3":{"start":{"line":4,"column":0},"end":{"line":4,"column":59}},"4":{"start":{"line":6,"column":0},"end":{"line":6,"column":55}},"5":{"start":{"line":14,"column":32},"end":{"line":56,"column":null}},"6":{"start":{"line":21,"column":8},"end":{"line":23,"column":9}},"7":{"start":{"line":22,"column":12},"end":{"line":22,"column":67}},"8":{"start":{"line":24,"column":8},"end":{"line":24,"column":30}},"9":{"start":{"line":27,"column":33},"end":{"line":27,"column":51}},"10":{"start":{"line":17,"column":21},"end":{"line":17,"column":61}},"11":{"start":{"line":28,"column":8},"end":{"line":28,"column":45}},"12":{"start":{"line":32,"column":22},"end":{"line":35,"column":35}},"13":{"start":{"line":34,"column":27},"end":{"line":34,"column":53}},"14":{"start":{"line":35,"column":24},"end":{"line":35,"column":34}},"15":{"start":{"line":37,"column":8},"end":{"line":39,"column":35}},"16":{"start":{"line":38,"column":27},"end":{"line":38,"column":43}},"17":{"start":{"line":40,"column":8},"end":{"line":42,"column":35}},"18":{"start":{"line":41,"column":27},"end":{"line":41,"column":42}},"19":{"start":{"line":46,"column":8},"end":{"line":48,"column":9}},"20":{"start":{"line":47,"column":12},"end":{"line":47,"column":42}},"21":{"start":{"line":52,"column":8},"end":{"line":54,"column":9}},"22":{"start":{"line":53,"column":12},"end":{"line":53,"column":42}},"23":{"start":{"line":14,"column":13},"end":{"line":14,"column":32}},"24":{"start":{"line":14,"column":13},"end":{"line":56,"column":null}}},"fnMap":{"0":{"name":"(anonymous_2)","decl":{"start":{"line":20,"column":4},"end":{"line":20,"column":10}},"loc":{"start":{"line":20,"column":22},"end":{"line":25,"column":5}}},"1":{"name":"(anonymous_3)","decl":{"start":{"line":27,"column":4},"end":{"line":27,"column":33}},"loc":{"start":{"line":27,"column":67},"end":{"line":29,"column":5}}},"2":{"name":"(anonymous_4)","decl":{"start":{"line":31,"column":4},"end":{"line":31,"column":16}},"loc":{"start":{"line":31,"column":16},"end":{"line":43,"column":5}}},"3":{"name":"(anonymous_5)","decl":{"start":{"line":34,"column":20},"end":{"line":34,"column":21}},"loc":{"start":{"line":34,"column":27},"end":{"line":34,"column":53}}},"4":{"name":"(anonymous_6)","decl":{"start":{"line":35,"column":17},"end":{"line":35,"column":18}},"loc":{"start":{"line":35,"column":24},"end":{"line":35,"column":34}}},"5":{"name":"(anonymous_7)","decl":{"start":{"line":38,"column":17},"end":{"line":38,"column":18}},"loc":{"start":{"line":38,"column":27},"end":{"line":38,"column":43}}},"6":{"name":"(anonymous_8)","decl":{"start":{"line":41,"column":17},"end":{"line":41,"column":18}},"loc":{"start":{"line":41,"column":27},"end":{"line":41,"column":42}}},"7":{"name":"(anonymous_9)","decl":{"start":{"line":45,"column":4},"end":{"line":45,"column":9}},"loc":{"start":{"line":45,"column":45},"end":{"line":49,"column":5}}},"8":{"name":"(anonymous_10)","decl":{"start":{"line":51,"column":4},"end":{"line":51,"column":9}},"loc":{"start":{"line":51,"column":44},"end":{"line":55,"column":5}}}},"branchMap":{"0":{"loc":{"start":{"line":21,"column":8},"end":{"line":23,"column":9}},"type":"if","locations":[{"start":{"line":21,"column":8},"end":{"line":23,"column":9}},{"start
[...]
ine":14,"column":35},"end":{"line":14,"column":75}},"7":{"start":{"line":14,"column":65},"end":{"line":14,"column":74}},"8":{"start":{"line":15,"column":32},"end":{"line":15,"column":72}},"9":{"start":{"line":17,"column":24},"end":{"line":21,"column":null}},"10":{"start":{"line":23,"column":8},"end":{"line":23,"column":33}},"11":{"start":{"line":32,"column":8},"end":{"line":32,"column":76}},"12":{"start":{"line":41,"column":8},"end":{"line":46,"column":10}},"13":{"start":{"line":10,"column":0},"end":{"line":10,"column":13}},"14":{"start":{"line":52,"column":24},"end":{"line":52,"column":198}},"15":{"start":{"line":53,"column":8},"end":{"line":53,"column":33}},"16":{"start":{"line":50,"column":0},"end":{"line":50,"column":13}},"17":{"start":{"line":59,"column":24},"end":{"line":59,"column":196}},"18":{"start":{"line":60,"column":8},"end":{"line":60,"column":33}},"19":{"start":{"line":57,"column":0},"end":{"line":57,"column":13}},"20":{"start":{"line":66,"column":39},"end":{"line":67,"column":null}},"21":{"start":{"line":70,"column":12},"end":{"line":72,"column":59}},"22":{"start":{"line":74,"column":8},"end":{"line":78,"column":9}},"23":{"start":{"line":75,"column":12},"end":{"line":75,"column":87}},"24":{"start":{"line":77,"column":12},"end":{"line":77,"column":55}},"25":{"start":{"line":79,"column":8},"end":{"line":83,"column":9}},"26":{"start":{"line":80,"column":12},"end":{"line":80,"column":254}},"27":{"start":{"line":82,"column":12},"end":{"line":82,"column":218}},"28":{"start":{"line":84,"column":8},"end":{"line":84,"column":33}},"29":{"start":{"line":88,"column":21},"end":{"line":88,"column":67}},"30":{"start":{"line":89,"column":8},"end":{"line":89,"column":69}},"31":{"start":{"line":64,"column":0},"end":{"line":64,"column":13}},"32":{"start":{"line":95,"column":24},"end":{"line":95,"column":214}},"33":{"start":{"line":96,"column":8},"end":{"line":96,"column":33}},"34":{"start":{"line":93,"column":0},"end":{"line":93,"column":13}},"35":{"start":{"line":102,"column":24},"end":{"line":102,"column":154}},"36":{"start":{"line":103,"column":8},"end":{"line":103,"column":33}},"37":{"start":{"line":100,"column":0},"end":{"line":100,"column":13}}},"fnMap":{"0":{"name":"(anonymous_0)","decl":{"start":{"line":6,"column":0},"end":{"line":6,"column":13}},"loc":{"start":{"line":6,"column":0},"end":{"line":8,"column":1}}},"1":{"name":"(anonymous_1)","decl":{"start":{"line":11,"column":4},"end":{"line":11,"column":10}},"loc":{"start":{"line":11,"column":69},"end":{"line":24,"column":5}}},"2":{"name":"(anonymous_2)","decl":{"start":{"line":14,"column":57},"end":{"line":14,"column":58}},"loc":{"start":{"line":14,"column":65},"end":{"line":14,"column":74}}},"3":{"name":"(anonymous_3)","decl":{"start":{"line":26,"column":12},"end":{"line":26,"column":18}},"loc":{"start":{"line":27,"column":43},"end":{"line":33,"column":5}}},"4":{"name":"(anonymous_4)","decl":{"start":{"line":35,"column":12},"end":{"line":35,"column":18}},"loc":{"start":{"line":39,"column":29},"end":{"line":47,"column":5}}},"5":{"name":"(anonymous_5)","decl":{"start":{"line":51,"column":4},"end":{"line":51,"column":10}},"loc":{"start":{"line":51,"column":32},"end":{"line":54,"column":5}}},"6":{"name":"(anonymous_6)","decl":{"start":{"line":58,"column":4},"end":{"line":58,"column":10}},"loc":{"start":{"line":58,"column":40},"end":{"line":61,"column":5}}},"7":{"name":"(anonymous_7)","decl":{"start":{"line":65,"column":4},"end":{"line":65,"column":10}},"loc":{"start":{"line":65,"column":68},"end":{"line":85,"column":5}}},"8":{"name":"(anonymous_8)","decl":{"start":{"line":87,"column":12},"end":{"line":87,"column":18}},"loc":{"start":{"line":87,"column":62},"end":{"line":90,"column":5}}},"9":{"name":"(anonymous_9)","decl":{"start":{"line":94,"column":4},"end":{"line":94,"column":10}},"loc":{"start":{"line":94,"column":33},"end":{"line":97,"column":5}}},"10":{"name":"(anonymous_10)","decl":{"start":{"line":101,"column":4},"end":{"line":101,"column":10}},"loc":{"start":{"line":101,"column":35},"end":{"line":104,"column":5}}}},"branchMap":{"0":{"loc":{"start":{"line":20,"column":12},"end":{"line":20,"column":42}},"type":"binary-expr","locations":[{"start":{"line":20,"column":12},"end":{"line":20,"column":29}},{"start":{"line":20,"column":33},"end":{"line":20,"column":42}}]},"1":{"loc":{"start":{"line":32,"column":15},"end":{"line":32,"column":75}},"type":"binary-expr","locations":[{"start":{"line":32,"column":15},"end":{"line":32,"column":69}},{"start":{"line":32,"column":73},"end":{"line":32,"column":75}}]},"2":{"loc":{"start":{"line":70,"column":12},"end":{"line":72,"column":59}},"type":"cond-expr","locations":[{"start":{"line":71,"column":18},"end":{"line":71,"column":32}},{"start":{"line":72,"column":19},"end":{"line":72,"column":58}}]},"3":{"loc":{"start":{"line":72,"column":19},"end":{"line":72,"column":58}},"type":"binary-expr","locations":[{"start":{"line":72,"column":19},"end":{"line":72,"column":45}},{"start":{"line":72,"column":49},"end":{"line":72,"column":58}}]},"4":{"loc":{"start":{"line":74,"column":8},"end":{"line":78,"column":9}},"type":"if","locations":[{"start":{"line":74,"column":8},"end":{"line":78,"column":9}},{"start":{"line":76,"column":15},"end":{"line":78,"column":9}}]},"5":{"loc":{"start":{"line":79,"column":8},"end":{"line":83,"column":9}},"type":"if","locations":[{"start":{"line":79,"column":8},"end":{"line":83,"column":9}},{"start":{"line":81,"column":15},"end":{"line":83,"column":9}}]}},"s":{"0":23,"1":23,"2":176,"3":23,"4":3,"5":3,"6":3,"7":3,"8":3,"9":3,"10":3,"11":3,"12":3,"13":23,"14":2,"15":2,"16":23,"17":1,"18":1,"19":23,"20":4,"21":4,"22":4,"23":3,"24":1,"25":4,"26":0,"27":4,"28":4,"29":0,"30":0,"31":23,"32":0,"33":0,"34":23,"35":166,"36":166,"37":23},"f":{"0":176,"1":3,"2":3,"3":3,"4":3,"5":2,"6":1,"7":4,"8":0,"9":0,"10":166},"b":{"0":[3,0],"1":[3,0],"2":[0,4],"3":[4,0],"4":[3,1],"5":[0,4]}}
,"D:\\Strategic OSS\\nestjs-cls\\packages\\core\\src\\lib\\proxy-provider\\proxy-provider.functions.ts": {"path":"D:\\Strategic OSS\\nestjs-cls\\packages\\core\\src\\lib\\proxy-provider\\proxy-provider.functions.ts","statementMap":{"0":{"start":{"line":8,"column":43},"end":{"line":11,"column":37}},"1":{"start":{"line":11,"column":4},"end":{"line":11,"column":37}},"2":{"start":{"line":8,"column":13},"end":{"line":8,"column":43}},"3":{"start":{"line":13,"column":36},"end":{"line":16,"column":37}},"4":{"start":{"line":16,"column":4},"end":{"line":16,"column":37}},"5":{"start":{"line":13,"column":13},"end":{"line":13,"column":36}}},"fnMap":{"0":{"name":"(anonymous_0)","decl":{"start":{"line":8,"column":43},"end":{"line":8,"column":null}},"loc":{"start":{"line":11,"column":4},"end":{"line":11,"column":37}}},"1":{"name":"(anonymous_1)","decl":{"start":{"line":13,"column":36},"end":{"line":13,"column":null}},"loc":{"start":{"line":16,"column":4},"end":{"line":16,"column":37}}}},"branchMap":{},"s":{"0":23,"1":33330,"2":23,"3":23,"4":14199,"5":23},"f":{"0":33330,"1":14199},"b":{}}
,"D:\\Strategic OSS\\nestjs-cls\\packages\\core\\src\\lib\\proxy-provider\\proxy-provider.utils.ts": {"path":"D:\\Strategic OSS\\nestjs-cls\\packages\\core\\src\\lib\\proxy-provider\\proxy-provider.utils.ts","statementMap":{"0":{"start":{"line":6,"column":0},"end":{"line":6,"column":16}},"1":{"start":{"line":10,"column":0},"end":{"line":10,"column":16}},"2":{"start":{"line":2,"column":0},"end":{"line":2,"column":58}},"3":{"start":{"line":4,"column":17},"end":{"line":4,"column":31}},"4":{"start":{"line":7,"column":4},"end":{"line":7,"column":52}},"5":{"start":{"line":11,"column":30},"end":{"line":11,"column":66}},"6":{"start":{"line":12,"column":23},"end":{"line":14,"column":33}},"7":{"start":{"line":14,"column":23},"end":{"line":14,"column":32}},"8":{"start":{"line":15,"column":4},"end":{"line":15,"column":49}}},"fnMap":{"0":{"name":"reflectClassConstructorParams","decl":{"start":{"line":6,"column":16},"end":{"line":6,"column":45}},"loc":{"start":{"line":6,"column":57},"end":{"line":8,"column":1}}},"1":{"name":"reflectAllClassDependencies","decl":{"start":{"line":10,"column":16},"end":{"line":10,"column":43}},"loc":{"start":{"line":10,"column":55},"end":{"line":16,"column":1}}},"2":{"name":"(anonymous_2)","decl":{"start":{"line":14,"column":13},"end":{"line":14,"column":14}},"loc":{"start":{"line":14,"column":23},"end":{"line":14,"column":32}}}},"branchMap":{},"s":{"0":23,"1":23,"2":23,"3":23,"4":16637,"5":16634,"6":16634,"7":1,"8":16634},"f":{"0":16637,"1":16634,"2":1},"b":{}}
,"D:\\Strategic OSS\\nestjs-cls\\packages\\core\\src\\lib\\proxy-provider\\proxy-resolution-facade.ts": {"path":"D:\\Strategic OSS\\nestjs-cls\\packages\\core\\src\\lib\\proxy-provider\\proxy-resolution-facade.ts","statementMap":{"0":{"start":{"line":1,"column":0},"end":{"line":1,"column":64}},"1":{"start":{"line":2,"column":0},"end":{"line":2,"column":69}},"2":{"start":{"line":35,"column":29},"end":{"line":37,"column":16}},"3":{"start":{"line":38,"column":8},"end":{"line":38,"column":71}},"4":{"start":{"line":21,"column":0},"end":{"line":21,"column":13}}},"fnMap":{"0":{"name":"(anonymous_0)","decl":{"start":{"line":34,"column":4},"end":{"line":34,"column":10}},"loc":{"start":{"line":34,"column":58},"end":{"line":39,"column":5}}}},"branchMap":{"0":{"loc":{"start":{"line":35,"column":29},"end":{"line":37,"column":16}},"type":"cond-expr","locations":[{"start":{"line":36,"column":14},"end":{"line":36,"column":53}},{"start":{"line":37,"column":14},"end":{"line":37,"column":16}}]}},"s":{"0":23,"1":23,"2":589,"3":589,"4":23},"f":{"0":589},"b":{"0":[4,585]}}
,"D:\\Strategic OSS\\nestjs-cls\\packages\\core\\src\\types\\terminal.type.ts": {"path":"D:\\Strategic OSS\\nestjs-cls\\packages\\core\\src\\types\\terminal.type.ts","statementMap":{"0":{"start":{"line":1,"column":23},"end":{"line":1,"column":31}},"1":{"start":{"line":2,"column":0},"end":{"line":2,"column":13}}},"fnMap":{},"branchMap":{},"s":{"0":0,"1":0},"f":{},"b":{}}
,"D:\\Strategic OSS\\nestjs-cls\\packages\\core\\src\\utils\\copy-method-metadata.ts": {"path":"D:\\Strategic OSS\\nestjs-cls\\packages\\core\\src\\utils\\copy-method-metadata.ts","statementMap":{"0":{"start":{"line":10,"column":0},"end":{"line":10,"column":16}},"1":{"start":{"line":11,"column":25},"end":{"line":11,"column":54}},"2":{"start":{"line":12,"column":4},"end":{"line":15,"column":7}},"3":{"start":{"line":13,"column":22},"end":{"line":13,"column":52}},"4":{"start":{"line":14,"column":8},"end":{"line":14,"column":47}}},"fnMap":{"0":{"name":"copyMethodMetadata","decl":{"start":{"line":10,"column":16},"end":{"line":10,"column":34}},"loc":{"start":{"line":10,"column":53},"end":{"line":16,"column":1}}},"1":{"name":"(anonymous_1)","decl":{"start":{"line":12,"column":21},"end":{"line":12,"column":22}},"loc":{"start":{"line":12,"column":29},"end":{"line":15,"column":5}}}},"branchMap":{},"s":{"0":21,"1":4,"2":4,"3":4,"4":4},"f":{"0":4,"1":4},"b":{}}
,"D:\\Strategic OSS\\nestjs-cls\\packages\\core\\src\\utils\\dependency-graph.ts": {"path":"D:\\Strategic OSS\\nestjs-cls\\packages\\core\\src\\utils\\dependency-graph.ts","statementMap":{"0":{"start":{"line":56,"column":8},"end":{"line":56,"column":41}},"1":{"start":{"line":57,"column":8},"end":{"line":57,"column":33}},"2":{"start":{"line":58,"column":8},"end":{"line":58,"column":40}},"3":{"start":{"line":59,"column":8},"end":{"line":59,"column":30}},"4":{"start":{"line":60,"column":8},"end":{"line":60,"column":33}},"5":{"start":{"line":77,"column":8},"end":{"line":77,"column":29}},"6":{"start":{"line":78,"column":8},"end":{"line":78,"column":36}},"7":{"start":{"line":79,"column":8},"end":{"line":79,"column":36}},"8":{"start":{"line":80,"column":8},"end":{"line":80,"column":39}},"9":{"start":{"line":83,"column":8},"end":{"line":87,"column":9}},"10":{"start":{"line":84,"column":12},"end":{"line":86,"column":13}},"11":{"start":{"line":85,"column":16},"end":{"line":85,"column":31}},"12":{"start":{"line":89,"column":8},"end":{"line":92,"column":10}},"13":{"start":{"line":108,"column":8},"end":{"line":108,"column":31}},"14":{"start":{"line":109,"column":8},"end":{"line":109,"column":38}},"15":{"start":{"line":110,"column":8},"end":{"line":110,"column":36}},"16":{"start":{"line":113,"column":21},"end":{"line":113,"column":54}},"17":{"start":{"line":116,"column":8},"end":{"line":125,"column":9}},"18":{"start":{"line":117,"column":12},"end":{"line":123,"column":13}},"19":{"start":{"line":119,"column":16},"end":{"line":119,"column":30}},"20":{"start":{"line":120,"column":19},"end":{"line":123,"column":13}},"21":{"start":{"line":122,"column":16},"end":{"line":122,"column":38}},"22":{"start":{"line":128,"column":8},"end":{"line":128,"column":41}},"23":{"start":{"line":129,"column":8},"end":{"line":129,"column":31}},"24":{"start":{"line":144,"column":32},"end":{"line":144,"column":72}},"25":{"start":{"line":146,"column":8},"end":{"line":149,"column":9}},"26":{"start":{"line":148,"column":12},"end":{"line":148,"column":19}},"27":{"start":{"line":152,"column":22},"end":{"line":155,"column":10}},"28":{"start":{"line":157,"column":8},"end":{"line":157,"column":40}},"29":{"start":{"line":181,"column":30},"end":{"line":181,"column":70}},"30":{"start":{"line":181,"column":57},"end":{"line":181,"column":69}},"31":{"start":{"line":182,"column":8},"end":{"line":182,"column":52}},"32":{"start":{"line":42,"column":0},"end":{"line":42,"column":13}}},"fnMap":{"0":{"name":"(anonymous_0)","decl":{"start":{"line":55,"column":4},"end":{"line":55,"column":16}},"loc":{"start":{"line":55,"column":41},"end":{"line":61,"column":5}}},"1":{"name":"(anonymous_1)","decl":{"start":{"line":75,"column":4},"end":{"line":75,"column":16}},"loc":{"start":{"line":75,"column":16},"end":{"line":93,"column":5}}},"2":{"name":"(anonymous_2)","decl":{"start":{"line":106,"column":12},"end":{"line":106,"column":15}},"loc":{"start":{"line":106,"column":23},"end":{"line":130,"column":5}}},"3":{"name":"(anonymous_3)","decl":{"start":{"line":142,"column":12},"end":{"line":142,"column":23}},"loc":{"start":{"line":142,"column":41},"end":{"line":158,"column":5}}},"4":{"name":"(anonymous_4)","decl":{"start":{"line":180,"column":4},"end":{"line":180,"column":10}},"loc":{"start":{"line":180,"column":69},"end":{"line":183,"column":5}}},"5":{"name":"(anonymous_5)","decl":{"start":{"line":181,"column":44},"end":{"line":181,"column":45}},"loc":{"start":{"line":181,"column":57},"end":{"line":181,"column":69}}}},"branchMap":{"0":{"loc":{"start":{"line":84,"column":12},"end":{"line":86,"column":13}},"type":"if","locations":[{"start":{"line":84,"column":12},"end":{"line":86,"column":13}},{"start":{},"end":{}}]},"1":{"loc":{"start":{"line":113,"column":21},"end":{"line":113,"column":54}},"type":"binary-expr","locations":[{"start":{"line":113,"column":21},"end":{"line":113,"column":48}},{"start":{"line":113,"column":52},"end":{"line":113,"column":54}}]},"2":{"loc":{"start":{"line":117,"column":12},"end":{"line":123,"column":13}},"type":"if","locations":[{"start":{"line":117,"column":12},"end":{"line":123,"column":13}},{"start":{"line":120,"column":19},"end":{"line":123,"column":13}}]},"3":{"loc":{"start":{"line":120,"column":19},"end":{"line":123,"column":13}},"type":"if","locations":[{"start":{"line":120,"column":19},"end":{"line":123,"column":13}},{"start":{},"end":{}}]},"4":{"loc":{"start":{"line":146,"column":8},"end":{"line":149,"column":9}},"type":"if","locations":[{"start":{"line":146,"column":8},"end":{"line":149,"column":9}},{"start":{},"end":{}}]},"5":{"loc":{"start":{"line":181,"column":30},"end":{"line":181,"column":70}},"type":"binary-expr","locations":[{"start":{"line":181,"column":30},"end":{"line":181,"column":39}},{"start":{"line":181,"column":44},"end":{"line":181,"column":69}}]}},"s":{"0":316,"1":316,"2":316,"3":316,"4":316,"5":318,"6":318,"7":318,"8":318,"9":318,"10":16855,"11":1238,"12":318,"13":16856,"14":16856,"15":16856,"16":16856,"17":16856,"18":17712,"19":15618,"20":2094,"21":219,"22":16856,"23":16856,"24":219,"25":219,"26":0,"27":219,"28":219,"29":172,"30":10,"31":172,"32":24},"f":{"0":316,"1":318,"2":16856,"3":219,"4":172,"5":10},"b":{"0":[1238,15617],"1":[16856,1],"2":[15618,2094],"3":[219,1875],"4":[0,219],"5":[172,4]}}
,"D:\\Strategic OSS\\nestjs-cls\\packages\\core\\src\\utils\\is-non-nullable.ts": {"path":"D:\\Strategic OSS\\nestjs-cls\\packages\\core\\src\\utils\\is-non-nullable.ts","statementMap":{"0":{"start":{"line":1,"column":0},"end":{"line":1,"column":16}},"1":{"start":{"line":2,"column":4},"end":{"line":2,"column":25}}},"fnMap":{"0":{"name":"isNonNullable","decl":{"start":{"line":1,"column":16},"end":{"line":1,"column":29}},"loc":{"start":{"line":1,"column":41},"end":{"line":3,"column":1}}}},"branchMap":{},"s":{"0":21,"1":1110},"f":{"0":1110},"b":{}}
,"D:\\Strategic OSS\\nestjs-cls\\packages\\core\\src\\utils\\promise-with-resolvers.polyfill.ts": {"path":"D:\\Strategic OSS\\nestjs-cls\\packages\\core\\src\\utils\\promise-with-resolvers.polyfill.ts","statementMap":{"0":{"start":{"line":13,"column":0},"end":{"line":13,"column":16}},"1":{"start":{"line":16,"column":20},"end":{"line":19,"column":6}},"2":{"start":{"line":17,"column":8},"end":{"line":17,"column":22}},"3":{"start":{"line":18,"column":8},"end":{"line":18,"column":21}},"4":{"start":{"line":21,"column":4},"end":{"line":21,"column":59}}},"fnMap":{"0":{"name":"Promise_withResolvers","decl":{"start":{"line":13,"column":16},"end":{"line":13,"column":37}},"loc":{"start":{"line":13,"column":37},"end":{"line":22,"column":1}}},"1":{"name":"(anonymous_1)","decl":{"start":{"line":16,"column":35},"end":{"line":16,"column":36}},"loc":{"start":{"line":16,"column":48},"end":{"line":19,"column":5}}}},"branchMap":{},"s":{"0":23,"1":14200,"2":14200,"3":14200,"4":14200},"f":{"0":14200,"1":14200},"b":{}}
,"D:\\Strategic OSS\\nestjs-cls\\packages\\core\\src\\utils\\value-from-path.ts": {"path":"D:\\Strategic OSS\\nestjs-cls\\packages\\core\\src\\utils\\value-from-path.ts","statementMap":{"0":{"start":{"line":6,"column":0},"end":{"line":6,"column":16}},"1":{"start":{"line":17,"column":0},"end":{"line":17,"column":16}},"2":{"start":{"line":10,"column":25},"end":{"line":10,"column":40}},"3":{"start":{"line":11,"column":4},"end":{"line":14,"column":33}},"4":{"start":{"line":12,"column":23},"end":{"line":12,"column":34}},"5":{"start":{"line":22,"column":25},"end":{"line":22,"column":40}},"6":{"start":{"line":23,"column":17},"end":{"line":26,"column":17}},"7":{"start":{"line":24,"column":8},"end":{"line":24,"column":38}},"8":{"start":{"line":25,"column":8},"end":{"line":25,"column":25}},"9":{"start":{"line":28,"column":4},"end":{"line":28,"column":39}},"10":{"start":{"line":29,"column":4},"end":{"line":29,"column":15}}},"fnMap":{"0":{"name":"getValueFromPath","decl":{"start":{"line":6,"column":16},"end":{"line":6,"column":32}},"loc":{"start":{"line":8,"column":12},"end":{"line":15,"column":1}}},"1":{"name":"(anonymous_1)","decl":{"start":{"line":12,"column":8},"end":{"line":12,"column":9}},"loc":{"start":{"line":12,"column":23},"end":{"line":12,"column":34}}},"2":{"name":"setValueFromPath","decl":{"start":{"line":17,"column":16},"end":{"line":17,"column":32}},"loc":{"start":{"line":21,"column":28},"end":{"line":30,"column":1}}},"3":{"name":"(anonymous_3)","decl":{"start":{"line":23,"column":50},"end":{"line":23,"column":51}},"loc":{"start":{"line":23,"column":64},"end":{"line":26,"column":5}}}},"branchMap":{"0":{"loc":{"start":{"line":24,"column":8},"end":{"line":24,"column":37}},"type":"binary-expr","locations":[{"start":{"line":24,"column":8},"end":{"line":24,"column":17}},{"start":{"line":24,"column":22},"end":{"line":24,"column":36}}]},"1":{"loc":{"start":{"line":26,"column":7},"end":{"line":26,"column":16}},"type":"binary-expr","locations":[{"start":{"line":26,"column":7},"end":{"line":26,"column":10}},{"start":{"line":26,"column":14},"end":{"line":26,"column":16}}]}},"s":{"0":24,"1":24,"2":1305,"3":1305,"4":1323,"5":1067,"6":1067,"7":14,"8":14,"9":1067,"10":1067},"f":{"0":1305,"1":1323,"2":1067,"3":14},"b":{"0":[14,7],"1":[1067,0]}}
}
