TN:
SF:src\index.ts
FNF:0
FNH:0
DA:1,20
DA:2,20
DA:3,20
DA:4,20
DA:5,20
DA:6,20
DA:7,20
DA:8,20
DA:9,20
DA:10,20
DA:11,20
DA:12,20
DA:13,20
DA:14,20
DA:15,20
DA:16,20
DA:17,20
DA:18,20
DA:20,20
DA:21,20
LF:20
LH:20
BRF:0
BRH:0
end_of_record
TN:
SF:src\lib\cls-service-manager.ts
FN:12,(anonymous_0)
FNF:1
FNH:1
FNDA:718,(anonymous_0)
DA:1,22
DA:5,22
DA:6,22
DA:13,718
DA:14,718
LF:5
LH:5
BRF:0
BRH:0
end_of_record
TN:
SF:src\lib\cls-service.globals.ts
FNF:0
FNH:0
DA:1,23
DA:2,23
DA:4,23
DA:5,23
LF:4
LH:4
BRF:0
BRH:0
end_of_record
TN:
SF:src\lib\cls.constants.ts
FNF:0
FNH:0
DA:7,23
DA:14,23
DA:21,23
DA:29,23
LF:4
LH:4
BRF:0
BRH:0
end_of_record
TN:
SF:src\lib\cls.internal-constants.ts
FNF:0
FNH:0
DA:1,21
DA:2,21
DA:3,21
DA:4,21
LF:4
LH:4
BRF:0
BRH:0
end_of_record
TN:
SF:src\lib\cls.options.ts
FN:5,(anonymous_0)
FN:7,(anonymous_1)
FN:68,(anonymous_2)
FN:87,(anonymous_3)
FN:112,(anonymous_4)
FN:161,(anonymous_5)
FN:200,(anonymous_6)
FN:239,(anonymous_7)
FNF:8
FNH:8
FNDA:263,(anonymous_0)
FNDA:350,(anonymous_1)
FNDA:444,(anonymous_2)
FNDA:1422,(anonymous_3)
FNDA:684,(anonymous_4)
FNDA:366,(anonymous_5)
FNDA:368,(anonymous_6)
FNDA:4,(anonymous_7)
DA:5,263
DA:7,23
DA:12,350
DA:68,23
DA:84,444
DA:87,23
DA:93,1422
DA:101,1422
DA:109,1422
DA:112,23
DA:118,684
DA:125,684
DA:130,684
DA:142,684
DA:148,684
DA:158,684
DA:161,23
DA:167,366
DA:174,366
DA:179,366
DA:197,366
DA:200,23
DA:206,368
DA:213,368
DA:218,368
DA:236,368
DA:239,23
DA:262,4
LF:28
LH:28
BRF:0
BRH:0
end_of_record
TN:
SF:src\lib\cls.service.ts
FN:18,(anonymous_0)
FN:31,(anonymous_1)
FN:58,(anonymous_2)
FN:86,(anonymous_3)
FN:103,(anonymous_4)
FN:115,(anonymous_5)
FN:126,(anonymous_6)
FN:155,(anonymous_7)
FN:164,(anonymous_8)
FN:182,(anonymous_9)
FN:191,(anonymous_10)
FN:199,(anonymous_11)
FN:211,(anonymous_12)
FN:218,(anonymous_13)
FN:228,(anonymous_14)
FN:242,(anonymous_15)
FNF:16
FNH:16
FNDA:24,(anonymous_0)
FNDA:15938,(anonymous_1)
FNDA:419,(anonymous_2)
FNDA:153481,(anonymous_3)
FNDA:427,(anonymous_4)
FNDA:1739,(anonymous_5)
FNDA:418,(anonymous_6)
FNDA:501,(anonymous_7)
FNDA:28,(anonymous_8)
FNDA:95,(anonymous_9)
FNDA:2,(anonymous_10)
FNDA:733,(anonymous_11)
FNDA:24,(anonymous_12)
FNDA:3,(anonymous_13)
FNDA:1,(anonymous_14)
FNDA:589,(anonymous_15)
DA:11,23
DA:12,23
DA:13,23
DA:14,23
DA:15,23
DA:17,23
DA:18,24
DA:19,24
DA:20,1
DA:37,15938
DA:38,15938
DA:39,1
DA:45,15937
DA:46,14874
DA:48,1063
DA:64,419
DA:65,365
DA:66,365
DA:87,153481
DA:88,153481
DA:89,15656
DA:90,14360
DA:92,1296
DA:104,427
DA:105,427
DA:106,421
DA:108,6
DA:116,1739
DA:117,1739
DA:129,418
DA:130,9
DA:131,9
DA:133,409
DA:134,409
DA:136,418
DA:137,5
DA:139,3
DA:141,1
DA:144,1
DA:156,501
DA:165,28
DA:166,26
DA:167,26
DA:169,0
DA:171,26
DA:174,0
DA:183,95
DA:192,2
DA:200,733
DA:207,24
DA:211,24
DA:219,3
DA:229,1
DA:243,589
LF:54
LH:52
BRDA:19,0,0,1
BRDA:19,0,1,23
BRDA:38,1,0,1
BRDA:38,1,1,15937
BRDA:45,2,0,14874
BRDA:45,2,1,1063
BRDA:64,3,0,54
BRDA:64,3,1,365
BRDA:88,4,0,137825
BRDA:88,4,1,15656
BRDA:89,5,0,14360
BRDA:89,5,1,1296
BRDA:105,6,0,421
BRDA:105,6,1,6
BRDA:129,7,0,9
BRDA:129,7,1,409
BRDA:136,8,0,413
BRDA:136,8,1,5
BRDA:137,9,0,3
BRDA:137,9,1,1
BRDA:137,9,2,1
BRDA:137,9,3,1
BRDA:156,10,0,501
BRDA:156,10,1,0
BRDA:165,11,0,2
BRDA:165,11,1,26
BRDA:167,12,0,0
BRDA:167,12,1,26
BRDA:167,12,2,0
BRDA:167,12,3,0
BRDA:183,13,0,95
BRDA:183,13,1,0
BRF:32
BRH:27
end_of_record
TN:
SF:src\lib\inject-cls.decorator.ts
FN:7,InjectCls
FNF:1
FNH:0
FNDA:0,InjectCls
DA:1,20
DA:2,20
DA:7,20
DA:8,0
LF:4
LH:3
BRF:0
BRH:0
end_of_record
TN:
SF:src\lib\cls-initializers\cls.guard.ts
FN:19,(anonymous_4)
FN:26,(anonymous_5)
FNF:2
FNH:2
FNDA:11,(anonymous_4)
FNDA:121,(anonymous_5)
DA:1,21
DA:7,21
DA:8,21
DA:9,21
DA:10,21
DA:12,21
DA:13,21
DA:16,21
DA:23,11
DA:27,121
DA:28,121
DA:29,121
DA:30,121
DA:31,26
DA:33,95
DA:34,95
DA:36,121
DA:40,121
DA:41,121
DA:43,121
DA:44,117
DA:45,117
DA:47,121
DA:48,121
DA:50,121
DA:51,1
DA:53,121
DA:54,121
DA:56,121
DA:57,121
DA:59,121
LF:31
LH:31
BRDA:30,0,0,26
BRDA:30,0,1,95
BRDA:40,1,0,121
BRDA:40,1,1,0
BRDA:43,2,0,117
BRDA:43,2,1,4
BRDA:47,3,0,121
BRDA:47,3,1,0
BRDA:50,4,0,1
BRDA:50,4,1,120
BRDA:53,5,0,121
BRDA:53,5,1,0
BRDA:56,6,0,121
BRDA:56,6,1,0
BRF:14
BRH:10
end_of_record
TN:
SF:src\lib\cls-initializers\cls.interceptor.ts
FN:21,(anonymous_4)
FN:28,(anonymous_5)
FN:33,(anonymous_6)
FN:34,(anonymous_7)
FN:62,(anonymous_8)
FN:63,(anonymous_9)
FN:64,(anonymous_10)
FNF:7
FNH:7
FNDA:13,(anonymous_4)
FNDA:81,(anonymous_5)
FNDA:81,(anonymous_6)
FNDA:81,(anonymous_7)
FNDA:57,(anonymous_8)
FNDA:24,(anonymous_9)
FNDA:57,(anonymous_10)
DA:1,21
DA:8,21
DA:9,21
DA:10,21
DA:11,21
DA:12,21
DA:14,21
DA:15,21
DA:18,21
DA:25,13
DA:29,81
DA:30,81
DA:31,81
DA:32,81
DA:33,81
DA:34,81
DA:35,81
DA:39,81
DA:40,81
DA:42,81
DA:43,77
DA:44,77
DA:46,81
DA:47,81
DA:49,81
DA:50,1
DA:52,81
DA:53,81
DA:55,81
DA:56,81
DA:58,81
DA:59,81
DA:62,57
DA:63,24
DA:64,57
DA:67,0
LF:36
LH:35
BRDA:30,0,0,81
BRDA:30,0,1,55
BRDA:39,1,0,81
BRDA:39,1,1,0
BRDA:42,2,0,77
BRDA:42,2,1,4
BRDA:46,3,0,81
BRDA:46,3,1,0
BRDA:49,4,0,1
BRDA:49,4,1,80
BRDA:52,5,0,81
BRDA:52,5,1,0
BRDA:55,6,0,81
BRDA:55,6,1,0
BRF:14
BRH:10
end_of_record
TN:
SF:src\lib\cls-initializers\cls.middleware.ts
FN:14,(anonymous_4)
FN:20,(anonymous_5)
FN:23,(anonymous_6)
FNF:3
FNH:3
FNDA:329,(anonymous_4)
FNDA:92,(anonymous_5)
FNDA:92,(anonymous_6)
DA:1,21
DA:2,21
DA:3,21
DA:4,21
DA:5,21
DA:7,21
DA:8,21
DA:11,21
DA:18,329
DA:20,329
DA:21,92
DA:22,92
DA:23,92
DA:24,92
DA:25,92
DA:30,92
DA:31,92
DA:32,92
DA:33,92
DA:35,92
DA:36,78
DA:37,78
DA:39,92
DA:40,92
DA:41,92
DA:42,1
DA:44,92
DA:45,92
DA:47,92
DA:48,88
DA:50,92
DA:52,0
DA:55,92
DA:58,92
LF:34
LH:33
BRDA:30,0,0,92
BRDA:30,0,1,0
BRDA:32,1,0,92
BRDA:32,1,1,0
BRDA:35,2,0,78
BRDA:35,2,1,14
BRDA:39,3,0,92
BRDA:39,3,1,0
BRDA:40,4,0,12
BRDA:40,4,1,80
BRDA:41,5,0,1
BRDA:41,5,1,91
BRDA:44,6,0,92
BRDA:44,6,1,0
BRDA:47,7,0,88
BRDA:47,7,1,4
BRDA:55,8,0,0
BRDA:55,8,1,92
BRF:18
BRH:13
end_of_record
TN:
SF:src\lib\cls-initializers\use-cls.decorator.ts
FN:31,UseCls
FN:34,(anonymous_1)
FN:48,(anonymous_2)
FN:50,(anonymous_3)
FNF:4
FNH:4
FNDA:4,UseCls
FNDA:4,(anonymous_1)
FNDA:5,(anonymous_2)
FNDA:5,(anonymous_3)
DA:1,21
DA:2,21
DA:3,21
DA:4,21
DA:5,21
DA:7,21
DA:31,21
DA:34,4
DA:39,4
DA:40,4
DA:41,4
DA:42,4
DA:43,0
DA:47,4
DA:49,5
DA:50,5
DA:51,5
DA:55,5
DA:56,5
DA:58,5
DA:59,1
DA:63,1
DA:65,5
DA:66,1
DA:68,5
DA:69,5
DA:71,5
DA:72,5
DA:74,5
DA:78,4
LF:30
LH:29
BRDA:42,0,0,0
BRDA:42,0,1,4
BRDA:50,1,0,5
BRDA:50,1,1,5
BRDA:55,2,0,5
BRDA:55,2,1,0
BRDA:58,3,0,1
BRDA:58,3,1,4
BRDA:65,4,0,1
BRDA:65,4,1,4
BRDA:68,5,0,5
BRDA:68,5,1,0
BRDA:71,6,0,5
BRDA:71,6,1,0
BRF:14
BRH:10
end_of_record
TN:
SF:src\lib\cls-initializers\utils\context-cls-store-map.ts
FN:51,(anonymous_0)
FN:53,(anonymous_1)
FN:58,(anonymous_2)
FN:72,(anonymous_3)
FN:95,(anonymous_4)
FN:110,(anonymous_5)
FNF:6
FNH:5
FNDA:0,(anonymous_0)
FNDA:181,(anonymous_1)
FNDA:207,(anonymous_2)
FNDA:293,(anonymous_3)
FNDA:228,(anonymous_4)
FNDA:388,(anonymous_5)
DA:3,23
DA:30,23
DA:41,23
DA:49,23
DA:54,181
DA:55,181
DA:59,207
DA:60,207
DA:73,293
DA:74,2
DA:77,291
DA:79,291
DA:82,4
DA:96,228
DA:97,2
DA:101,226
DA:102,226
DA:103,67
DA:107,159
DA:111,388
DA:113,122
DA:118,122
DA:120,18
DA:122,2
DA:125,244
DA:127,2
LF:26
LH:26
BRDA:73,0,0,2
BRDA:73,0,1,291
BRDA:96,1,0,2
BRDA:96,1,1,226
BRDA:102,2,0,67
BRDA:102,2,1,159
BRDA:111,3,0,122
BRDA:111,3,1,18
BRDA:111,3,2,2
BRDA:111,3,3,244
BRDA:111,3,4,2
BRF:11
BRH:11
end_of_record
TN:
SF:src\lib\cls-initializers\utils\request-identity-resolver.ts
FN:67,(anonymous_0)
FN:109,(anonymous_1)
FN:165,(anonymous_2)
FN:196,(anonymous_3)
FN:227,(anonymous_4)
FN:252,(anonymous_5)
FN:266,(anonymous_6)
FNF:7
FNH:4
FNDA:0,(anonymous_0)
FNDA:3284,(anonymous_1)
FNDA:2191,(anonymous_2)
FNDA:0,(anonymous_3)
FNDA:2217,(anonymous_4)
FNDA:0,(anonymous_5)
FNDA:28,(anonymous_6)
DA:7,24
DA:13,24
DA:56,24
DA:61,24
DA:112,3284
DA:113,5
DA:117,3279
DA:118,1085
DA:122,2194
DA:123,2194
DA:124,3
DA:128,2191
DA:131,2191
DA:132,2
DA:133,2
DA:134,2
DA:138,2189
DA:139,2189
DA:140,26
DA:144,2189
DA:145,5
DA:147,2189
DA:148,0
DA:151,2189
DA:167,2191
DA:168,27
DA:172,2164
DA:173,1
DA:177,2163
DA:198,0
DA:203,0
DA:204,0
DA:205,0
DA:210,0
DA:215,0
DA:228,2217
DA:230,2217
DA:236,2212
DA:239,5
DA:267,28
LF:40
LH:33
BRDA:112,0,0,5
BRDA:112,0,1,3279
BRDA:112,1,0,3284
BRDA:112,1,1,3282
BRDA:117,2,0,1085
BRDA:117,2,1,2194
BRDA:123,3,0,3
BRDA:123,3,1,2191
BRDA:131,4,0,2
BRDA:131,4,1,2189
BRDA:131,5,0,2191
BRDA:131,5,1,28
BRDA:139,6,0,26
BRDA:139,6,1,2163
BRDA:144,7,0,5
BRDA:144,7,1,2184
BRDA:147,8,0,0
BRDA:147,8,1,2189
BRDA:147,9,0,2189
BRDA:147,9,1,26
BRDA:167,10,0,27
BRDA:167,10,1,2164
BRDA:167,11,0,2191
BRDA:167,11,1,27
BRDA:172,12,0,1
BRDA:172,12,1,2163
BRDA:172,13,0,2164
BRDA:172,13,1,1
BRDA:205,14,0,0
BRDA:205,14,1,0
BRDA:206,15,0,0
BRDA:206,15,1,0
BRDA:206,15,2,0
BRF:33
BRH:27
end_of_record
TN:
SF:src\lib\cls-module\cls-common.module.ts
FN:15,(anonymous_1)
FNF:1
FNH:1
FNDA:63,(anonymous_1)
DA:1,21
DA:2,21
DA:3,21
DA:5,21
DA:6,21
DA:8,21
DA:13,21
DA:16,63
DA:29,21
LF:9
LH:9
BRF:0
BRH:0
end_of_record
TN:
SF:src\lib\cls-module\cls-root.module.ts
FN:54,(anonymous_2)
FN:59,(anonymous_3)
FN:74,(anonymous_4)
FN:83,(anonymous_5)
FN:104,(anonymous_6)
FN:114,(anonymous_7)
FN:133,(anonymous_8)
FN:142,(anonymous_9)
FN:144,(anonymous_10)
FN:152,(anonymous_11)
FN:189,(anonymous_12)
FN:199,(anonymous_13)
FN:209,(anonymous_14)
FN:219,(anonymous_15)
FN:229,(anonymous_16)
FN:233,(anonymous_17)
FN:245,(anonymous_18)
FNF:17
FNH:16
FNDA:355,(anonymous_2)
FNDA:351,(anonymous_3)
FNDA:355,(anonymous_4)
FNDA:350,(anonymous_5)
FNDA:11,(anonymous_6)
FNDA:6,(anonymous_7)
FNDA:0,(anonymous_8)
FNDA:641,(anonymous_9)
FNDA:16618,(anonymous_10)
FNDA:356,(anonymous_11)
FNDA:355,(anonymous_12)
FNDA:355,(anonymous_13)
FNDA:355,(anonymous_14)
FNDA:355,(anonymous_15)
FNDA:185,(anonymous_16)
FNDA:355,(anonymous_17)
FNDA:225,(anonymous_18)
DA:1,21
DA:14,21
DA:20,21
DA:21,21
DA:22,21
DA:23,21
DA:24,21
DA:30,21
DA:37,21
DA:38,21
DA:39,21
DA:40,21
DA:41,21
DA:51,21
DA:52,21
DA:55,355
DA:56,355
DA:60,351
DA:62,351
DA:63,323
DA:64,323
DA:65,323
DA:66,323
DA:70,323
DA:75,355
DA:84,350
DA:85,350
DA:86,350
DA:87,350
DA:91,349
DA:104,11
DA:115,6
DA:116,6
DA:117,6
DA:121,6
DA:133,0
DA:143,641
DA:145,16618
DA:153,356
DA:170,356
DA:183,356
DA:192,355
DA:196,355
DA:202,355
DA:206,355
DA:212,355
DA:216,355
DA:220,355
DA:221,10
DA:222,10
DA:226,10
DA:228,345
DA:229,185
DA:236,355
DA:237,12
DA:238,12
DA:242,12
DA:244,343
DA:245,225
LF:59
LH:58
BRDA:62,0,0,323
BRDA:62,0,1,28
BRDA:65,1,0,323
BRDA:65,1,1,0
BRDA:123,2,0,6
BRDA:123,2,1,3
BRDA:144,3,0,641
BRDA:144,3,1,344
BRDA:220,4,0,10
BRDA:220,4,1,345
BRDA:221,5,0,10
BRDA:221,5,1,0
BRDA:236,6,0,12
BRDA:236,6,1,343
BRDA:237,7,0,12
BRDA:237,7,1,0
BRF:16
BRH:13
end_of_record
TN:
SF:src\lib\cls-module\cls.module.ts
FN:24,(anonymous_1)
FN:40,(anonymous_2)
FN:61,(anonymous_3)
FN:67,(anonymous_4)
FN:76,(anonymous_5)
FN:93,(anonymous_6)
FNF:6
FNH:6
FNDA:350,(anonymous_1)
FNDA:6,(anonymous_2)
FNDA:285,(anonymous_3)
FNDA:16605,(anonymous_4)
FNDA:43,(anonymous_5)
FNDA:6,(anonymous_6)
DA:1,21
DA:5,21
DA:6,21
DA:8,21
DA:9,21
DA:18,21
DA:25,350
DA:41,6
DA:63,285
DA:64,284
DA:67,16605
DA:79,43
DA:80,43
DA:81,43
DA:94,6
LF:15
LH:15
BRDA:80,0,0,43
BRDA:80,0,1,39
BRDA:83,1,0,43
BRDA:83,1,1,30
BRF:4
BRH:4
end_of_record
TN:
SF:src\lib\cls-module\feature-detection.utils.ts
FN:3,(anonymous_0)
FN:8,(anonymous_1)
FN:13,(anonymous_2)
FN:32,detectHttpAdapterTypeAndVersion
FN:49,detectHttpAdapterType
FN:56,detectExpressVersion
FN:67,detectFastifyVersion
FNF:7
FNH:7
FNDA:22,(anonymous_0)
FNDA:22,(anonymous_1)
FNDA:22,(anonymous_2)
FNDA:327,detectHttpAdapterTypeAndVersion
FNDA:327,detectHttpAdapterType
FNDA:321,detectExpressVersion
FNDA:6,detectFastifyVersion
DA:3,22
DA:4,22
DA:5,22
DA:8,22
DA:9,22
DA:10,22
DA:13,22
DA:14,22
DA:15,22
DA:32,22
DA:35,327
DA:36,327
DA:37,6
DA:42,321
DA:50,327
DA:51,6
DA:53,321
DA:58,321
DA:62,320
DA:64,1
DA:69,6
DA:74,5
DA:76,1
LF:23
LH:23
BRDA:3,0,0,22
BRDA:3,0,1,22
BRDA:8,1,0,22
BRDA:8,1,1,22
BRDA:13,2,0,22
BRDA:13,2,1,22
BRDA:36,3,0,6
BRDA:36,3,1,321
BRDA:50,4,0,6
BRDA:50,4,1,321
BRDA:58,5,0,320
BRDA:58,5,1,1
BRDA:69,6,0,5
BRDA:69,6,1,1
BRDA:71,7,0,6
BRDA:71,7,1,5
BRF:16
BRH:16
end_of_record
TN:
SF:src\lib\cls-module\middleware.utils.ts
FN:15,getMiddlewareMountPoint
FNF:1
FNH:1
FNDA:323,getMiddlewareMountPoint
DA:2,21
DA:9,21
DA:10,21
DA:12,21
DA:13,21
DA:15,21
DA:16,323
DA:17,323
DA:18,4
DA:19,4
DA:21,0
DA:23,319
DA:24,319
DA:26,0
LF:14
LH:12
BRDA:17,0,0,4
BRDA:17,0,1,319
BRDA:18,1,0,4
BRDA:18,1,1,0
BRDA:23,2,0,319
BRDA:23,2,1,0
BRF:6
BRH:4
end_of_record
TN:
SF:src\lib\plugin\cls-plugin-base.ts
FN:18,(anonymous_0)
FN:20,(anonymous_1)
FN:43,(anonymous_2)
FN:56,getPluginHooksToken
FN:60,isPluginHooksToken
FNF:5
FNH:2
FNDA:0,(anonymous_0)
FNDA:0,(anonymous_1)
FNDA:0,(anonymous_2)
FNDA:52,getPluginHooksToken
FNDA:34338,isPluginHooksToken
DA:10,21
DA:11,0
DA:12,0
DA:13,0
DA:18,0
DA:21,0
DA:47,0
DA:52,0
DA:56,21
DA:57,52
DA:60,21
DA:61,34338
LF:12
LH:5
BRDA:61,0,0,34338
BRDA:61,0,1,33268
BRF:2
BRH:2
end_of_record
TN:
SF:src\lib\plugin\cls-plugin-hooks-host.ts
FN:20,(anonymous_2)
FN:27,(anonymous_3)
FN:31,(anonymous_4)
FN:34,(anonymous_5)
FN:35,(anonymous_6)
FN:38,(anonymous_7)
FN:41,(anonymous_8)
FN:45,(anonymous_9)
FN:51,(anonymous_10)
FNF:9
FNH:9
FNDA:299,(anonymous_2)
FNDA:355,(anonymous_3)
FNDA:355,(anonymous_4)
FNDA:34338,(anonymous_5)
FNDA:26,(anonymous_6)
FNDA:26,(anonymous_7)
FNDA:26,(anonymous_8)
FNDA:299,(anonymous_9)
FNDA:299,(anonymous_10)
DA:1,21
DA:2,21
DA:3,21
DA:4,21
DA:6,21
DA:14,21
DA:17,355
DA:21,299
DA:22,0
DA:24,299
DA:27,355
DA:28,355
DA:32,355
DA:34,34338
DA:35,26
DA:37,355
DA:38,26
DA:40,355
DA:41,26
DA:46,299
DA:47,16
DA:52,299
DA:53,16
LF:23
LH:22
BRDA:21,0,0,0
BRDA:21,0,1,299
BRF:2
BRH:1
end_of_record
TN:
SF:src\lib\plugin\cls-plugins.module.ts
FN:16,(anonymous_1)
FN:18,(anonymous_2)
FN:22,(anonymous_3)
FN:32,(anonymous_4)
FN:42,(anonymous_5)
FN:51,(anonymous_6)
FN:54,(anonymous_7)
FN:57,(anonymous_8)
FN:60,(anonymous_9)
FN:63,(anonymous_10)
FNF:10
FNH:10
FNDA:361,(anonymous_1)
FNDA:26,(anonymous_2)
FNDA:21,(anonymous_3)
FNDA:26,(anonymous_4)
FNDA:26,(anonymous_5)
FNDA:26,(anonymous_6)
FNDA:26,(anonymous_7)
FNDA:26,(anonymous_8)
FNDA:26,(anonymous_9)
FNDA:26,(anonymous_10)
DA:1,21
DA:10,21
DA:11,21
DA:15,21
DA:17,361
DA:18,26
DA:23,21
DA:34,26
DA:43,26
DA:52,26
DA:55,26
DA:58,26
DA:61,26
DA:64,26
DA:68,26
LF:15
LH:15
BRDA:18,0,0,361
BRDA:18,0,1,341
BRF:2
BRH:2
end_of_record
TN:
SF:src\lib\proxy-provider\get-proxy-provider-symbol.ts
FN:4,getProxyProviderSymbol
FNF:1
FNH:1
FNDA:34257,getProxyProviderSymbol
DA:4,23
DA:7,34257
DA:8,34223
DA:9,34208
DA:10,1
LF:5
LH:5
BRDA:7,0,0,34
BRDA:7,0,1,34223
BRDA:8,1,0,15
BRDA:8,1,1,34208
BRDA:9,2,0,34207
BRDA:9,2,1,1
BRF:6
BRH:6
end_of_record
TN:
SF:src\lib\proxy-provider\index.ts
FNF:0
FNH:0
DA:1,21
DA:2,21
DA:3,21
DA:4,21
LF:4
LH:4
BRF:0
BRH:0
end_of_record
TN:
SF:src\lib\proxy-provider\injectable-proxy.decorator.ts
FN:20,InjectableProxy
FN:21,(anonymous_1)
FNF:2
FNH:2
FNDA:16616,InjectableProxy
FNDA:16616,(anonymous_1)
DA:1,20
DA:2,20
DA:20,20
DA:21,16616
DA:22,16616
LF:5
LH:5
BRDA:20,0,0,16612
BRF:1
BRH:1
end_of_record
TN:
SF:src\lib\proxy-provider\proxy-provider-manager.ts
FN:52,(anonymous_0)
FN:62,(anonymous_1)
FN:74,(anonymous_2)
FN:96,(anonymous_3)
FN:114,(anonymous_4)
FN:130,(anonymous_5)
FN:142,(anonymous_6)
FN:152,(anonymous_7)
FN:161,(anonymous_8)
FN:166,(anonymous_9)
FN:167,(anonymous_10)
FN:168,(anonymous_11)
FN:171,(anonymous_12)
FN:175,(anonymous_13)
FN:184,(anonymous_14)
FN:188,(anonymous_15)
FN:191,(anonymous_16)
FN:194,(anonymous_17)
FN:200,(anonymous_18)
FN:206,(anonymous_19)
FN:232,getPropertyAccessChecker
FN:239,(anonymous_21)
FN:241,checkAllowedPropertyAccess
FNF:23
FNH:21
FNDA:361,(anonymous_0)
FNDA:358,(anonymous_1)
FNDA:16666,(anonymous_2)
FNDA:16635,(anonymous_3)
FNDA:31,(anonymous_4)
FNDA:63,(anonymous_5)
FNDA:16636,(anonymous_6)
FNDA:16666,(anonymous_7)
FNDA:16727,(anonymous_8)
FNDA:137744,(anonymous_9)
FNDA:1112,(anonymous_10)
FNDA:0,(anonymous_11)
FNDA:3,(anonymous_12)
FNDA:136624,(anonymous_13)
FNDA:5,(anonymous_14)
FNDA:4,(anonymous_15)
FNDA:1096,(anonymous_16)
FNDA:12,(anonymous_17)
FNDA:0,(anonymous_18)
FNDA:592,(anonymous_19)
FNDA:16727,getPropertyAccessChecker
FNDA:116324,(anonymous_21)
FNDA:5104,checkAllowedPropertyAccess
DA:7,23
DA:9,23
DA:11,23
DA:12,23
DA:13,23
DA:17,23
DA:27,23
DA:34,23
DA:36,23
DA:53,361
DA:63,358
DA:65,358
DA:66,46
DA:68,312
DA:75,16666
DA:76,16666
DA:78,16666
DA:79,16666
DA:80,16636
DA:81,16634
DA:83,16664
DA:85,16664
DA:91,16664
DA:92,16634
DA:93,16634
DA:97,16635
DA:105,16635
DA:106,16635
DA:110,30
DA:111,30
DA:115,31
DA:122,31
DA:123,31
DA:127,16664
DA:134,63
DA:135,63
DA:139,63
DA:145,16636
DA:146,16636
DA:147,2
DA:149,16634
DA:155,16666
DA:165,16727
DA:166,137744
DA:167,16727
DA:168,16727
DA:170,16727
DA:172,3
DA:173,2
DA:176,136624
DA:177,136621
DA:178,136621
DA:179,271
DA:181,136350
DA:185,5
DA:186,5
DA:189,4
DA:192,1096
DA:195,12
DA:201,0
DA:207,592
DA:211,23
DA:236,16727
DA:238,16727
DA:239,116324
DA:241,85
DA:242,5104
DA:243,4
DA:248,5100
LF:69
LH:68
BRDA:65,0,0,46
BRDA:65,0,1,312
BRDA:79,1,0,16636
BRDA:79,1,1,30
BRDA:83,2,0,16664
BRDA:83,2,1,16652
BRDA:83,2,2,16642
BRDA:91,3,0,16634
BRDA:91,3,1,30
BRDA:110,4,0,30
BRDA:110,4,1,8
BRDA:113,5,0,30
BRDA:113,5,1,8
BRDA:146,6,0,2
BRDA:146,6,1,16634
BRDA:156,7,0,16666
BRDA:156,7,1,16626
BRDA:163,8,0,0
BRDA:163,9,0,16724
BRDA:163,10,0,0
BRDA:167,11,0,1112
BRDA:167,11,1,1083
BRDA:168,12,0,2
BRDA:168,12,1,16725
BRDA:172,13,0,3
BRDA:172,13,1,1
BRDA:176,14,0,136624
BRDA:176,14,1,121427
BRDA:178,15,0,271
BRDA:178,15,1,136350
BRDA:185,16,0,5
BRDA:185,16,1,0
BRDA:238,17,0,16642
BRDA:238,17,1,85
BRDA:242,18,0,4
BRDA:242,18,1,5100
BRDA:242,19,0,5104
BRDA:242,19,1,5103
BRF:38
BRH:35
end_of_record
TN:
SF:src\lib\proxy-provider\proxy-provider-resolver.ts
FN:36,(anonymous_0)
FN:40,(anonymous_1)
FN:47,(anonymous_2)
FN:48,(anonymous_3)
FN:60,(anonymous_4)
FN:74,(anonymous_5)
FN:84,(anonymous_6)
FN:131,(anonymous_7)
FN:147,(anonymous_8)
FN:150,(anonymous_9)
FN:151,(anonymous_10)
FN:161,(anonymous_11)
FN:178,(anonymous_12)
FN:192,(anonymous_13)
FN:202,(anonymous_14)
FN:216,(anonymous_15)
FNF:16
FNH:16
FNDA:312,(anonymous_0)
FNDA:16664,(anonymous_1)
FNDA:17583,(anonymous_2)
FNDA:17556,(anonymous_3)
FNDA:311,(anonymous_4)
FNDA:1839,(anonymous_5)
FNDA:311,(anonymous_6)
FNDA:145,(anonymous_7)
FNDA:145,(anonymous_8)
FNDA:14210,(anonymous_9)
FNDA:14204,(anonymous_10)
FNDA:14200,(anonymous_11)
FNDA:15052,(anonymous_12)
FNDA:14199,(anonymous_13)
FNDA:14170,(anonymous_14)
FNDA:29,(anonymous_15)
DA:1,23
DA:3,23
DA:9,23
DA:14,23
DA:15,23
DA:16,23
DA:20,23
DA:30,23
DA:32,23
DA:33,312
DA:37,312
DA:38,312
DA:40,312
DA:43,16664
DA:47,17583
DA:48,17556
DA:62,311
DA:63,298
DA:66,298
DA:69,311
DA:71,166
DA:72,166
DA:74,1839
DA:76,166
DA:86,311
DA:88,145
DA:92,145
DA:94,145
DA:98,145
DA:100,145
DA:101,14204
DA:102,14204
DA:103,14200
DA:104,14200
DA:105,14200
DA:109,145
DA:110,14200
DA:118,145
DA:133,145
DA:136,145
DA:140,145
DA:148,145
DA:150,14210
DA:153,14204
DA:155,14204
DA:166,14200
DA:168,14200
DA:169,14200
DA:170,1
DA:176,14199
DA:178,14199
DA:179,15052
DA:182,14199
DA:184,14199
DA:185,14196
DA:186,14196
DA:188,4
DA:194,14199
DA:195,14170
DA:197,29
DA:199,14199
DA:205,14170
DA:206,14170
DA:208,14170
DA:209,14170
DA:211,3
DA:212,3
DA:219,29
DA:220,29
LF:69
LH:69
BRDA:62,0,0,298
BRDA:62,0,1,13
BRDA:69,1,0,166
BRDA:69,1,1,145
BRDA:74,2,0,1839
BRDA:74,2,1,0
BRDA:88,3,0,4
BRDA:88,3,1,141
BRDA:102,4,0,14200
BRDA:102,4,1,4
BRDA:133,5,0,145
BRDA:133,5,1,140
BRDA:153,6,0,14204
BRDA:153,6,1,2
BRDA:169,7,0,1
BRDA:169,7,1,14199
BRDA:176,8,0,14199
BRDA:176,8,1,1
BRDA:194,9,0,14170
BRDA:194,9,1,29
BRDA:211,10,0,0
BRDA:211,10,1,3
BRF:22
BRH:20
end_of_record
TN:
SF:src\lib\proxy-provider\proxy-provider.constants.ts
FNF:0
FNH:0
DA:1,23
DA:3,23
DA:5,23
LF:3
LH:3
BRF:0
BRH:0
end_of_record
TN:
SF:src\lib\proxy-provider\proxy-provider.exceptions.ts
FN:6,(anonymous_0)
FN:11,(anonymous_1)
FN:14,(anonymous_2)
FN:26,(anonymous_3)
FN:35,(anonymous_4)
FN:51,(anonymous_5)
FN:58,(anonymous_6)
FN:65,(anonymous_7)
FN:87,(anonymous_8)
FN:94,(anonymous_9)
FN:101,(anonymous_10)
FNF:11
FNH:9
FNDA:176,(anonymous_0)
FNDA:3,(anonymous_1)
FNDA:3,(anonymous_2)
FNDA:3,(anonymous_3)
FNDA:3,(anonymous_4)
FNDA:2,(anonymous_5)
FNDA:1,(anonymous_6)
FNDA:4,(anonymous_7)
FNDA:0,(anonymous_8)
FNDA:0,(anonymous_9)
FNDA:166,(anonymous_10)
DA:3,23
DA:4,23
DA:6,23
DA:7,176
DA:10,23
DA:12,3
DA:13,3
DA:14,3
DA:15,3
DA:17,3
DA:23,3
DA:32,3
DA:41,3
DA:50,23
DA:52,2
DA:53,2
DA:57,23
DA:59,1
DA:60,1
DA:64,23
DA:66,4
DA:70,4
DA:74,4
DA:75,3
DA:77,1
DA:79,4
DA:80,0
DA:82,4
DA:84,4
DA:88,0
DA:89,0
DA:93,23
DA:95,0
DA:96,0
DA:100,23
DA:102,166
DA:103,166
LF:37
LH:32
BRDA:20,0,0,3
BRDA:20,0,1,0
BRDA:32,1,0,3
BRDA:32,1,1,0
BRDA:70,2,0,0
BRDA:70,2,1,4
BRDA:72,3,0,4
BRDA:72,3,1,0
BRDA:74,4,0,3
BRDA:74,4,1,1
BRDA:79,5,0,0
BRDA:79,5,1,4
BRF:12
BRH:7
end_of_record
TN:
SF:src\lib\proxy-provider\proxy-provider.functions.ts
FN:8,(anonymous_0)
FN:13,(anonymous_1)
FNF:2
FNH:2
FNDA:33330,(anonymous_0)
FNDA:14199,(anonymous_1)
DA:8,23
DA:11,33330
DA:13,23
DA:16,14199
LF:4
LH:4
BRF:0
BRH:0
end_of_record
TN:
SF:src\lib\proxy-provider\proxy-provider.utils.ts
FN:6,reflectClassConstructorParams
FN:10,reflectAllClassDependencies
FN:14,(anonymous_2)
FNF:3
FNH:3
FNDA:16637,reflectClassConstructorParams
FNDA:16634,reflectAllClassDependencies
FNDA:1,(anonymous_2)
DA:2,23
DA:4,23
DA:6,23
DA:7,16637
DA:10,23
DA:11,16634
DA:12,16634
DA:14,1
DA:15,16634
LF:9
LH:9
BRF:0
BRH:0
end_of_record
TN:
SF:src\lib\proxy-provider\proxy-resolution-facade.ts
FN:34,(anonymous_0)
FNF:1
FNH:1
FNDA:589,(anonymous_0)
DA:1,23
DA:2,23
DA:21,23
DA:35,589
DA:38,589
LF:5
LH:5
BRDA:35,0,0,4
BRDA:35,0,1,585
BRF:2
BRH:2
end_of_record
TN:
SF:src\types\terminal.type.ts
FNF:0
FNH:0
DA:1,0
DA:2,0
LF:2
LH:0
BRF:0
BRH:0
end_of_record
TN:
SF:src\utils\copy-method-metadata.ts
FN:10,copyMethodMetadata
FN:12,(anonymous_1)
FNF:2
FNH:2
FNDA:4,copyMethodMetadata
FNDA:4,(anonymous_1)
DA:10,21
DA:11,4
DA:12,4
DA:13,4
DA:14,4
LF:5
LH:5
BRF:0
BRH:0
end_of_record
TN:
SF:src\utils\dependency-graph.ts
FN:55,(anonymous_0)
FN:75,(anonymous_1)
FN:106,(anonymous_2)
FN:142,(anonymous_3)
FN:180,(anonymous_4)
FN:181,(anonymous_5)
FNF:6
FNH:6
FNDA:316,(anonymous_0)
FNDA:318,(anonymous_1)
FNDA:16856,(anonymous_2)
FNDA:219,(anonymous_3)
FNDA:172,(anonymous_4)
FNDA:10,(anonymous_5)
DA:42,24
DA:56,316
DA:57,316
DA:58,316
DA:59,316
DA:60,316
DA:77,318
DA:78,318
DA:79,318
DA:80,318
DA:83,318
DA:84,16855
DA:85,1238
DA:89,318
DA:108,16856
DA:109,16856
DA:110,16856
DA:113,16856
DA:116,16856
DA:117,17712
DA:119,15618
DA:120,2094
DA:122,219
DA:128,16856
DA:129,16856
DA:144,219
DA:146,219
DA:148,0
DA:152,219
DA:157,219
DA:181,172
DA:182,172
LF:32
LH:31
BRDA:84,0,0,1238
BRDA:84,0,1,15617
BRDA:113,1,0,16856
BRDA:113,1,1,1
BRDA:117,2,0,15618
BRDA:117,2,1,2094
BRDA:120,3,0,219
BRDA:120,3,1,1875
BRDA:146,4,0,0
BRDA:146,4,1,219
BRDA:181,5,0,172
BRDA:181,5,1,4
BRF:12
BRH:11
end_of_record
TN:
SF:src\utils\is-non-nullable.ts
FN:1,isNonNullable
FNF:1
FNH:1
FNDA:1110,isNonNullable
DA:1,21
DA:2,1110
LF:2
LH:2
BRF:0
BRH:0
end_of_record
TN:
SF:src\utils\promise-with-resolvers.polyfill.ts
FN:13,Promise_withResolvers
FN:16,(anonymous_1)
FNF:2
FNH:2
FNDA:14200,Promise_withResolvers
FNDA:14200,(anonymous_1)
DA:13,23
DA:16,14200
DA:17,14200
DA:18,14200
DA:21,14200
LF:5
LH:5
BRF:0
BRH:0
end_of_record
TN:
SF:src\utils\value-from-path.ts
FN:6,getValueFromPath
FN:12,(anonymous_1)
FN:17,setValueFromPath
FN:23,(anonymous_3)
FNF:4
FNH:4
FNDA:1305,getValueFromPath
FNDA:1323,(anonymous_1)
FNDA:1067,setValueFromPath
FNDA:14,(anonymous_3)
DA:6,24
DA:10,1305
DA:11,1305
DA:12,1323
DA:17,24
DA:22,1067
DA:23,1067
DA:24,14
DA:25,14
DA:28,1067
DA:29,1067
LF:11
LH:11
BRDA:24,0,0,14
BRDA:24,0,1,7
BRDA:26,1,0,1067
BRDA:26,1,1,0
BRF:4
BRH:3
end_of_record
